{"/home/travis/build/npmtest/node-npmtest-jingo/test.js":{"path":"/home/travis/build/npmtest/node-npmtest-jingo/test.js","s":{"1":2,"2":2,"3":2,"4":2,"5":2,"6":2,"7":2,"8":1,"9":2,"10":2,"11":1,"12":1,"13":1,"14":1,"15":2,"16":2,"17":2,"18":2,"19":1,"20":1,"21":2,"22":2,"23":2,"24":1,"25":1,"26":1,"27":1,"28":1,"29":1,"30":1,"31":1,"32":1,"33":1,"34":1,"35":1,"36":1,"37":1,"38":1,"39":2,"40":2,"41":1,"42":2,"43":2,"44":1,"45":2,"46":2,"47":1,"48":2,"49":2,"50":1,"51":1,"52":1,"53":1,"54":1},"b":{"1":[2,1,1,1],"2":[1,1,1,1],"3":[1,1],"4":[1,1],"5":[1,1],"6":[1,1],"7":[1,1],"8":[1,1],"9":[1,1],"10":[1,1,1],"11":[1,1],"12":[1,1],"13":[1,1],"14":[1,1],"15":[1,1],"16":[1,1],"17":[1,1]},"f":{"1":2,"2":2,"3":2,"4":2,"5":2,"6":1,"7":1,"8":1,"9":2,"10":2,"11":2,"12":2,"13":1},"fnMap":{"1":{"name":"(anonymous_1)","line":12,"loc":{"start":{"line":12,"column":1},"end":{"line":12,"column":13}}},"2":{"name":"(anonymous_2)","line":19,"loc":{"start":{"line":19,"column":5},"end":{"line":19,"column":17}}},"3":{"name":"(anonymous_3)","line":23,"loc":{"start":{"line":23,"column":24},"end":{"line":23,"column":36}}},"4":{"name":"(anonymous_4)","line":61,"loc":{"start":{"line":61,"column":5},"end":{"line":61,"column":17}}},"5":{"name":"(anonymous_5)","line":82,"loc":{"start":{"line":82,"column":5},"end":{"line":82,"column":17}}},"6":{"name":"(anonymous_6)","line":91,"loc":{"start":{"line":91,"column":77},"end":{"line":94,"column":10}}},"7":{"name":"(anonymous_7)","line":112,"loc":{"start":{"line":112,"column":83},"end":{"line":115,"column":10}},"skip":true},"8":{"name":"(anonymous_8)","line":123,"loc":{"start":{"line":123,"column":77},"end":{"line":126,"column":10}},"skip":true},"9":{"name":"(anonymous_9)","line":139,"loc":{"start":{"line":139,"column":12},"end":{"line":139,"column":40}},"skip":true},"10":{"name":"(anonymous_10)","line":147,"loc":{"start":{"line":147,"column":77},"end":{"line":150,"column":10}},"skip":true},"11":{"name":"(anonymous_11)","line":158,"loc":{"start":{"line":158,"column":83},"end":{"line":161,"column":10}},"skip":true},"12":{"name":"(anonymous_12)","line":169,"loc":{"start":{"line":169,"column":79},"end":{"line":172,"column":10}},"skip":true},"13":{"name":"(anonymous_13)","line":180,"loc":{"start":{"line":180,"column":75},"end":{"line":183,"column":10}},"skip":true}},"statementMap":{"1":{"start":{"line":12,"column":0},"end":{"line":195,"column":5}},"2":{"start":{"line":14,"column":4},"end":{"line":14,"column":14}},"3":{"start":{"line":19,"column":4},"end":{"line":56,"column":9}},"4":{"start":{"line":21,"column":8},"end":{"line":21,"column":19}},"5":{"start":{"line":23,"column":8},"end":{"line":35,"column":13}},"6":{"start":{"line":24,"column":12},"end":{"line":34,"column":13}},"7":{"start":{"line":25,"column":16},"end":{"line":28,"column":30}},"8":{"start":{"line":30,"column":16},"end":{"line":33,"column":27}},"9":{"start":{"line":37,"column":8},"end":{"line":39,"column":21}},"10":{"start":{"line":40,"column":8},"end":{"line":53,"column":9}},"11":{"start":{"line":43,"column":12},"end":{"line":46,"column":14}},"12":{"start":{"line":47,"column":12},"end":{"line":47,"column":18}},"13":{"start":{"line":50,"column":12},"end":{"line":51,"column":33}},"14":{"start":{"line":52,"column":12},"end":{"line":52,"column":18}},"15":{"start":{"line":55,"column":8},"end":{"line":55,"column":35}},"16":{"start":{"line":61,"column":4},"end":{"line":63,"column":9}},"17":{"start":{"line":62,"column":8},"end":{"line":62,"column":15}},"18":{"start":{"line":64,"column":4},"end":{"line":77,"column":5}},"19":{"start":{"line":70,"column":8},"end":{"line":70,"column":14}},"20":{"start":{"line":76,"column":8},"end":{"line":76,"column":14}},"21":{"start":{"line":82,"column":4},"end":{"line":84,"column":9}},"22":{"start":{"line":83,"column":8},"end":{"line":83,"column":15}},"23":{"start":{"line":85,"column":4},"end":{"line":194,"column":5}},"24":{"start":{"line":91,"column":8},"end":{"line":99,"column":10}},"25":{"start":{"line":98,"column":12},"end":{"line":98,"column":35}},"26":{"start":{"line":102,"column":8},"end":{"line":104,"column":63}},"27":{"start":{"line":105,"column":8},"end":{"line":105,"column":14}},"28":{"start":{"line":112,"column":8},"end":{"line":121,"column":10},"skip":true},"29":{"start":{"line":119,"column":12},"end":{"line":119,"column":55},"skip":true},"30":{"start":{"line":120,"column":12},"end":{"line":120,"column":48},"skip":true},"31":{"start":{"line":123,"column":8},"end":{"line":136,"column":10},"skip":true},"32":{"start":{"line":130,"column":12},"end":{"line":130,"column":76},"skip":true},"33":{"start":{"line":131,"column":12},"end":{"line":131,"column":73},"skip":true},"34":{"start":{"line":132,"column":12},"end":{"line":132,"column":74},"skip":true},"35":{"start":{"line":133,"column":12},"end":{"line":133,"column":79},"skip":true},"36":{"start":{"line":134,"column":12},"end":{"line":134,"column":25},"skip":true},"37":{"start":{"line":135,"column":12},"end":{"line":135,"column":45},"skip":true},"38":{"start":{"line":138,"column":8},"end":{"line":145,"column":14},"skip":true},"39":{"start":{"line":143,"column":16},"end":{"line":143,"column":29},"skip":true},"40":{"start":{"line":144,"column":16},"end":{"line":144,"column":55},"skip":true},"41":{"start":{"line":147,"column":8},"end":{"line":156,"column":10},"skip":true},"42":{"start":{"line":154,"column":12},"end":{"line":154,"column":25},"skip":true},"43":{"start":{"line":155,"column":12},"end":{"line":155,"column":45},"skip":true},"44":{"start":{"line":158,"column":8},"end":{"line":167,"column":10},"skip":true},"45":{"start":{"line":165,"column":12},"end":{"line":165,"column":25},"skip":true},"46":{"start":{"line":166,"column":12},"end":{"line":166,"column":48},"skip":true},"47":{"start":{"line":169,"column":8},"end":{"line":178,"column":10},"skip":true},"48":{"start":{"line":176,"column":12},"end":{"line":176,"column":25},"skip":true},"49":{"start":{"line":177,"column":12},"end":{"line":177,"column":46},"skip":true},"50":{"start":{"line":180,"column":8},"end":{"line":189,"column":10},"skip":true},"51":{"start":{"line":187,"column":12},"end":{"line":187,"column":94},"skip":true},"52":{"start":{"line":188,"column":12},"end":{"line":188,"column":48},"skip":true},"53":{"start":{"line":192,"column":8},"end":{"line":192,"column":35},"skip":true},"54":{"start":{"line":193,"column":8},"end":{"line":193,"column":14},"skip":true}},"branchMap":{"1":{"line":25,"type":"binary-expr","locations":[{"start":{"line":25,"column":23},"end":{"line":25,"column":62}},{"start":{"line":26,"column":20},"end":{"line":26,"column":70}},{"start":{"line":27,"column":20},"end":{"line":27,"column":71}},{"start":{"line":28,"column":20},"end":{"line":28,"column":29}}]},"2":{"line":30,"type":"binary-expr","locations":[{"start":{"line":30,"column":23},"end":{"line":30,"column":37}},{"start":{"line":31,"column":20},"end":{"line":31,"column":61}},{"start":{"line":32,"column":20},"end":{"line":32,"column":70}},{"start":{"line":33,"column":20},"end":{"line":33,"column":26}}]},"3":{"line":37,"type":"cond-expr","locations":[{"start":{"line":38,"column":14},"end":{"line":38,"column":20}},{"start":{"line":39,"column":14},"end":{"line":39,"column":20}}]},"4":{"line":40,"type":"switch","locations":[{"start":{"line":42,"column":8},"end":{"line":47,"column":18}},{"start":{"line":49,"column":8},"end":{"line":52,"column":18}}]},"5":{"line":44,"type":"binary-expr","locations":[{"start":{"line":44,"column":16},"end":{"line":44,"column":44}},{"start":{"line":44,"column":48},"end":{"line":44,"column":66}}]},"6":{"line":50,"type":"binary-expr","locations":[{"start":{"line":50,"column":21},"end":{"line":50,"column":49}},{"start":{"line":50,"column":53},"end":{"line":50,"column":72}}]},"7":{"line":64,"type":"switch","locations":[{"start":{"line":69,"column":4},"end":{"line":70,"column":14}},{"start":{"line":75,"column":4},"end":{"line":76,"column":14}}]},"8":{"line":85,"type":"switch","locations":[{"start":{"line":90,"column":4},"end":{"line":105,"column":14}},{"start":{"line":111,"column":4},"end":{"line":193,"column":14},"skip":true}]},"9":{"line":91,"type":"binary-expr","locations":[{"start":{"line":91,"column":42},"end":{"line":91,"column":73}},{"start":{"line":91,"column":77},"end":{"line":99,"column":9}}]},"10":{"line":102,"type":"binary-expr","locations":[{"start":{"line":102,"column":18},"end":{"line":102,"column":32}},{"start":{"line":103,"column":12},"end":{"line":103,"column":53}},{"start":{"line":104,"column":12},"end":{"line":104,"column":61}}]},"11":{"line":112,"type":"binary-expr","locations":[{"start":{"line":112,"column":45},"end":{"line":112,"column":79},"skip":true},{"start":{"line":112,"column":83},"end":{"line":121,"column":9},"skip":true}]},"12":{"line":123,"type":"binary-expr","locations":[{"start":{"line":123,"column":42},"end":{"line":123,"column":73},"skip":true},{"start":{"line":123,"column":77},"end":{"line":136,"column":9},"skip":true}]},"13":{"line":138,"type":"binary-expr","locations":[{"start":{"line":138,"column":48},"end":{"line":138,"column":85},"skip":true},{"start":{"line":139,"column":12},"end":{"line":145,"column":13},"skip":true}]},"14":{"line":147,"type":"binary-expr","locations":[{"start":{"line":147,"column":42},"end":{"line":147,"column":73},"skip":true},{"start":{"line":147,"column":77},"end":{"line":156,"column":9},"skip":true}]},"15":{"line":158,"type":"binary-expr","locations":[{"start":{"line":158,"column":45},"end":{"line":158,"column":79},"skip":true},{"start":{"line":158,"column":83},"end":{"line":167,"column":9},"skip":true}]},"16":{"line":169,"type":"binary-expr","locations":[{"start":{"line":169,"column":43},"end":{"line":169,"column":75},"skip":true},{"start":{"line":169,"column":79},"end":{"line":178,"column":9},"skip":true}]},"17":{"line":180,"type":"binary-expr","locations":[{"start":{"line":180,"column":41},"end":{"line":180,"column":71},"skip":true},{"start":{"line":180,"column":75},"end":{"line":189,"column":9},"skip":true}]}},"code":["/* istanbul instrument in package npmtest_jingo */","/*jslint","    bitwise: true,","    browser: true,","    maxerr: 8,","    maxlen: 96,","    node: true,","    nomen: true,","    regexp: true,","    stupid: true","*/","(function () {","    'use strict';","    var local;","","","","    // run shared js-env code - pre-init","    (function () {","        // init local","        local = {};","        // init modeJs","        local.modeJs = (function () {","            try {","                return typeof navigator.userAgent === 'string' &&","                    typeof document.querySelector('body') === 'object' &&","                    typeof XMLHttpRequest.prototype.open === 'function' &&","                    'browser';","            } catch (errorCaughtBrowser) {","                return module.exports &&","                    typeof process.versions.node === 'string' &&","                    typeof require('http').createServer === 'function' &&","                    'node';","            }","        }());","        // init global","        local.global = local.modeJs === 'browser'","            ? window","            : global;","        switch (local.modeJs) {","        // re-init local from window.local","        case 'browser':","            local = local.global.utility2.objectSetDefault(","                local.global.utility2_rollup || local.global.local,","                local.global.utility2","            );","            break;","        // re-init local from example.js","        case 'node':","            local = (local.global.utility2_rollup || require('utility2'))","                .requireReadme();","            break;","        }","        // export local","        local.global.local = local;","    }());","","","","    // run shared js-env code - function","    (function () {","        return;","    }());","    switch (local.modeJs) {","","","","    // run browser js-env code - function","    case 'browser':","        break;","","","","    // run node js-env code - function","    case 'node':","        break;","    }","","","","    // run shared js-env code - post-init","    (function () {","        return;","    }());","    switch (local.modeJs) {","","","","    // run browser js-env code - post-init","    case 'browser':","        local.testCase_browser_nullCase = local.testCase_browser_nullCase || function (","            options,","            onError","        ) {","        /*","         * this function will test browsers's null-case handling-behavior-behavior","         */","            onError(null, options);","        };","","        // run tests","        local.nop(local.modeTest &&","            document.querySelector('#testRunButton1') &&","            document.querySelector('#testRunButton1').click());","        break;","","","","    // run node js-env code - post-init","    /* istanbul ignore next */","    case 'node':","        local.testCase_buildApidoc_default = local.testCase_buildApidoc_default || function (","            options,","            onError","        ) {","        /*","         * this function will test buildApidoc's default handling-behavior-behavior","         */","            options = { modulePathList: module.paths };","            local.buildApidoc(options, onError);","        };","","        local.testCase_buildApp_default = local.testCase_buildApp_default || function (","            options,","            onError","        ) {","        /*","         * this function will test buildApp's default handling-behavior-behavior","         */","            local.testCase_buildReadme_default(options, local.onErrorThrow);","            local.testCase_buildLib_default(options, local.onErrorThrow);","            local.testCase_buildTest_default(options, local.onErrorThrow);","            local.testCase_buildCustomOrg_default(options, local.onErrorThrow);","            options = [];","            local.buildApp(options, onError);","        };","","        local.testCase_buildCustomOrg_default = local.testCase_buildCustomOrg_default ||","            function (options, onError) {","            /*","             * this function will test buildCustomOrg's default handling-behavior","             */","                options = {};","                local.buildCustomOrg(options, onError);","            };","","        local.testCase_buildLib_default = local.testCase_buildLib_default || function (","            options,","            onError","        ) {","        /*","         * this function will test buildLib's default handling-behavior","         */","            options = {};","            local.buildLib(options, onError);","        };","","        local.testCase_buildReadme_default = local.testCase_buildReadme_default || function (","            options,","            onError","        ) {","        /*","         * this function will test buildReadme's default handling-behavior-behavior","         */","            options = {};","            local.buildReadme(options, onError);","        };","","        local.testCase_buildTest_default = local.testCase_buildTest_default || function (","            options,","            onError","        ) {","        /*","         * this function will test buildTest's default handling-behavior","         */","            options = {};","            local.buildTest(options, onError);","        };","","        local.testCase_webpage_default = local.testCase_webpage_default || function (","            options,","            onError","        ) {","        /*","         * this function will test webpage's default handling-behavior","         */","            options = { modeCoverageMerge: true, url: local.serverLocalHost + '?modeTest=1' };","            local.browserTest(options, onError);","        };","","        // run test-server","        local.testRunServer(local);","        break;","    }","}());",""],"l":{"12":2,"14":2,"19":2,"21":2,"23":2,"24":2,"25":2,"30":1,"37":2,"40":2,"43":1,"47":1,"50":1,"52":1,"55":2,"61":2,"62":2,"64":2,"70":1,"76":1,"82":2,"83":2,"85":2,"91":1,"98":1,"102":1,"105":1,"112":1,"119":1,"120":1,"123":1,"130":1,"131":1,"132":1,"133":1,"134":1,"135":1,"138":1,"143":2,"144":2,"147":1,"154":2,"155":2,"158":1,"165":2,"166":2,"169":1,"176":2,"177":2,"180":1,"187":1,"188":1,"192":1,"193":1}},"/home/travis/build/npmtest/node-npmtest-jingo/lib.npmtest_jingo.js":{"path":"/home/travis/build/npmtest/node-npmtest-jingo/lib.npmtest_jingo.js","s":{"1":2,"2":2,"3":2,"4":2,"5":2,"6":2,"7":2,"8":1,"9":2,"10":2,"11":2,"12":2,"13":1,"14":1,"15":1,"16":1},"b":{"1":[2,1,1,1],"2":[1,1,1,1],"3":[1,1],"4":[2,2],"5":[1,1]},"f":{"1":2,"2":2,"3":2},"fnMap":{"1":{"name":"(anonymous_1)","line":12,"loc":{"start":{"line":12,"column":1},"end":{"line":12,"column":13}}},"2":{"name":"(anonymous_2)","line":19,"loc":{"start":{"line":19,"column":5},"end":{"line":19,"column":17}}},"3":{"name":"(anonymous_3)","line":23,"loc":{"start":{"line":23,"column":24},"end":{"line":23,"column":36}}}},"statementMap":{"1":{"start":{"line":12,"column":0},"end":{"line":53,"column":5}},"2":{"start":{"line":14,"column":4},"end":{"line":14,"column":14}},"3":{"start":{"line":19,"column":4},"end":{"line":52,"column":9}},"4":{"start":{"line":21,"column":8},"end":{"line":21,"column":19}},"5":{"start":{"line":23,"column":8},"end":{"line":35,"column":13}},"6":{"start":{"line":24,"column":12},"end":{"line":34,"column":13}},"7":{"start":{"line":25,"column":16},"end":{"line":28,"column":30}},"8":{"start":{"line":30,"column":16},"end":{"line":33,"column":27}},"9":{"start":{"line":37,"column":8},"end":{"line":39,"column":21}},"10":{"start":{"line":41,"column":8},"end":{"line":41,"column":54}},"11":{"start":{"line":43,"column":8},"end":{"line":43,"column":50}},"12":{"start":{"line":45,"column":8},"end":{"line":51,"column":9}},"13":{"start":{"line":46,"column":12},"end":{"line":46,"column":56}},"14":{"start":{"line":48,"column":12},"end":{"line":48,"column":35}},"15":{"start":{"line":49,"column":12},"end":{"line":49,"column":49}},"16":{"start":{"line":50,"column":12},"end":{"line":50,"column":43}}},"branchMap":{"1":{"line":25,"type":"binary-expr","locations":[{"start":{"line":25,"column":23},"end":{"line":25,"column":62}},{"start":{"line":26,"column":20},"end":{"line":26,"column":70}},{"start":{"line":27,"column":20},"end":{"line":27,"column":71}},{"start":{"line":28,"column":20},"end":{"line":28,"column":29}}]},"2":{"line":30,"type":"binary-expr","locations":[{"start":{"line":30,"column":23},"end":{"line":30,"column":37}},{"start":{"line":31,"column":20},"end":{"line":31,"column":61}},{"start":{"line":32,"column":20},"end":{"line":32,"column":70}},{"start":{"line":33,"column":20},"end":{"line":33,"column":26}}]},"3":{"line":37,"type":"cond-expr","locations":[{"start":{"line":38,"column":14},"end":{"line":38,"column":20}},{"start":{"line":39,"column":14},"end":{"line":39,"column":20}}]},"4":{"line":41,"type":"binary-expr","locations":[{"start":{"line":41,"column":16},"end":{"line":41,"column":44}},{"start":{"line":41,"column":48},"end":{"line":41,"column":53}}]},"5":{"line":45,"type":"if","locations":[{"start":{"line":45,"column":8},"end":{"line":45,"column":8}},{"start":{"line":45,"column":8},"end":{"line":45,"column":8}}]}},"code":["/* istanbul instrument in package npmtest_jingo */","/*jslint","    bitwise: true,","    browser: true,","    maxerr: 8,","    maxlen: 96,","    node: true,","    nomen: true,","    regexp: true,","    stupid: true","*/","(function () {","    'use strict';","    var local;","","","","    // run shared js-env code - pre-init","    (function () {","        // init local","        local = {};","        // init modeJs","        local.modeJs = (function () {","            try {","                return typeof navigator.userAgent === 'string' &&","                    typeof document.querySelector('body') === 'object' &&","                    typeof XMLHttpRequest.prototype.open === 'function' &&","                    'browser';","            } catch (errorCaughtBrowser) {","                return module.exports &&","                    typeof process.versions.node === 'string' &&","                    typeof require('http').createServer === 'function' &&","                    'node';","            }","        }());","        // init global","        local.global = local.modeJs === 'browser'","            ? window","            : global;","        // init utility2_rollup","        local = local.global.utility2_rollup || local;","        // init lib","        local.local = local.npmtest_jingo = local;","        // init exports","        if (local.modeJs === 'browser') {","            local.global.utility2_npmtest_jingo = local;","        } else {","            module.exports = local;","            module.exports.__dirname = __dirname;","            module.exports.module = module;","        }","    }());","}());",""],"l":{"12":2,"14":2,"19":2,"21":2,"23":2,"24":2,"25":2,"30":1,"37":2,"41":2,"43":2,"45":2,"46":1,"48":1,"49":1,"50":1}},"/home/travis/build/npmtest/node-npmtest-jingo/example.js":{"path":"/home/travis/build/npmtest/node-npmtest-jingo/example.js","s":{"1":2,"2":2,"3":2,"4":2,"5":2,"6":2,"7":2,"8":1,"9":2,"10":2,"11":2,"12":2,"13":1,"14":2,"15":2,"16":2,"17":2,"18":2,"19":0,"20":2,"21":1,"22":1,"23":1,"24":1,"25":1,"26":0,"27":0,"28":1,"29":1,"30":2,"31":0,"32":0,"33":0,"34":1,"35":2,"36":2,"37":3,"38":3,"39":3,"40":3,"41":0,"42":3,"43":3,"44":3,"45":1,"46":3,"47":1,"48":1,"49":1,"50":1,"51":1,"52":1,"53":1,"54":1,"55":1,"56":1,"57":0,"58":1,"59":6,"60":6,"61":1,"62":2,"63":0,"64":2,"65":1,"66":1,"67":0,"68":0,"69":0,"70":0,"71":0,"72":0,"73":0,"74":0,"75":0,"76":0,"77":0,"78":0,"79":0,"80":0,"81":0,"82":0,"83":0},"b":{"1":[2,1,1,1],"2":[1,1,1,1],"3":[1,1],"4":[2,2],"5":[1,1],"6":[1,1],"7":[2,0],"8":[2,1,1,1,1,1],"9":[0,2,0],"10":[1,1],"11":[2,1,1],"12":[1,0],"13":[0,2],"14":[2,0,0,0,0,0,0],"15":[0,3],"16":[3,0],"17":[1,1],"18":[0,1],"19":[1,2,0,2],"20":[1,0],"21":[1,1],"22":[0,0],"23":[0,0],"24":[0,0],"25":[0,0],"26":[0,0],"27":[0,0],"28":[0,0]},"f":{"1":2,"2":2,"3":2,"4":2,"5":2,"6":2,"7":3,"8":3,"9":3,"10":1,"11":6,"12":0},"fnMap":{"1":{"name":"(anonymous_1)","line":26,"loc":{"start":{"line":26,"column":1},"end":{"line":26,"column":13}}},"2":{"name":"(anonymous_2)","line":33,"loc":{"start":{"line":33,"column":5},"end":{"line":33,"column":17}}},"3":{"name":"(anonymous_3)","line":37,"loc":{"start":{"line":37,"column":24},"end":{"line":37,"column":36}}},"4":{"name":"(anonymous_4)","line":69,"loc":{"start":{"line":69,"column":31},"end":{"line":69,"column":48}},"skip":true},"5":{"name":"(anonymous_5)","line":78,"loc":{"start":{"line":78,"column":26},"end":{"line":78,"column":45}},"skip":true},"6":{"name":"(anonymous_6)","line":123,"loc":{"start":{"line":123,"column":33},"end":{"line":123,"column":48}},"skip":true},"7":{"name":"(anonymous_7)","line":125,"loc":{"start":{"line":125,"column":27},"end":{"line":125,"column":39}},"skip":true},"8":{"name":"(anonymous_8)","line":133,"loc":{"start":{"line":133,"column":59},"end":{"line":133,"column":74}},"skip":true},"9":{"name":"(anonymous_9)","line":143,"loc":{"start":{"line":143,"column":45},"end":{"line":143,"column":62}},"skip":true},"10":{"name":"(anonymous_10)","line":144,"loc":{"start":{"line":144,"column":73},"end":{"line":144,"column":92}},"skip":true},"11":{"name":"(anonymous_11)","line":272,"loc":{"start":{"line":272,"column":51},"end":{"line":272,"column":77}},"skip":true},"12":{"name":"(anonymous_12)","line":315,"loc":{"start":{"line":315,"column":32},"end":{"line":315,"column":61}},"skip":true}},"statementMap":{"1":{"start":{"line":26,"column":0},"end":{"line":326,"column":5}},"2":{"start":{"line":28,"column":4},"end":{"line":28,"column":14}},"3":{"start":{"line":33,"column":4},"end":{"line":60,"column":9}},"4":{"start":{"line":35,"column":8},"end":{"line":35,"column":19}},"5":{"start":{"line":37,"column":8},"end":{"line":49,"column":13}},"6":{"start":{"line":38,"column":12},"end":{"line":48,"column":13}},"7":{"start":{"line":39,"column":16},"end":{"line":42,"column":30}},"8":{"start":{"line":44,"column":16},"end":{"line":47,"column":27}},"9":{"start":{"line":51,"column":8},"end":{"line":53,"column":21}},"10":{"start":{"line":55,"column":8},"end":{"line":57,"column":45}},"11":{"start":{"line":59,"column":8},"end":{"line":59,"column":35}},"12":{"start":{"line":61,"column":4},"end":{"line":325,"column":5}},"13":{"start":{"line":69,"column":8},"end":{"line":121,"column":10},"skip":true},"14":{"start":{"line":70,"column":12},"end":{"line":88,"column":13},"skip":true},"15":{"start":{"line":76,"column":16},"end":{"line":87,"column":19},"skip":true},"16":{"start":{"line":79,"column":20},"end":{"line":86,"column":21},"skip":true},"17":{"start":{"line":82,"column":24},"end":{"line":82,"column":43},"skip":true},"18":{"start":{"line":83,"column":24},"end":{"line":83,"column":30},"skip":true},"19":{"start":{"line":85,"column":24},"end":{"line":85,"column":49},"skip":true},"20":{"start":{"line":89,"column":12},"end":{"line":107,"column":13},"skip":true},"21":{"start":{"line":92,"column":16},"end":{"line":102,"column":17},"skip":true},"22":{"start":{"line":93,"column":20},"end":{"line":93,"column":86},"skip":true},"23":{"start":{"line":94,"column":20},"end":{"line":95,"column":45},"skip":true},"24":{"start":{"line":96,"column":20},"end":{"line":96,"column":42},"skip":true},"25":{"start":{"line":97,"column":20},"end":{"line":97,"column":48},"skip":true},"26":{"start":{"line":100,"column":20},"end":{"line":100,"column":85},"skip":true},"27":{"start":{"line":101,"column":20},"end":{"line":101,"column":96},"skip":true},"28":{"start":{"line":103,"column":16},"end":{"line":103,"column":22},"skip":true},"29":{"start":{"line":106,"column":16},"end":{"line":106,"column":22},"skip":true},"30":{"start":{"line":108,"column":12},"end":{"line":120,"column":13},"skip":true},"31":{"start":{"line":114,"column":16},"end":{"line":119,"column":17},"skip":true},"32":{"start":{"line":116,"column":20},"end":{"line":116,"column":78},"skip":true},"33":{"start":{"line":118,"column":20},"end":{"line":118,"column":47},"skip":true},"34":{"start":{"line":123,"column":8},"end":{"line":141,"column":11},"skip":true},"35":{"start":{"line":124,"column":12},"end":{"line":124,"column":54},"skip":true},"36":{"start":{"line":125,"column":12},"end":{"line":140,"column":14},"skip":true},"37":{"start":{"line":126,"column":16},"end":{"line":126,"column":28},"skip":true},"38":{"start":{"line":127,"column":16},"end":{"line":127,"column":69},"skip":true},"39":{"start":{"line":128,"column":16},"end":{"line":128,"column":75},"skip":true},"40":{"start":{"line":129,"column":16},"end":{"line":131,"column":17},"skip":true},"41":{"start":{"line":130,"column":20},"end":{"line":130,"column":27},"skip":true},"42":{"start":{"line":133,"column":16},"end":{"line":137,"column":36},"skip":true},"43":{"start":{"line":134,"column":20},"end":{"line":136,"column":55},"skip":true},"44":{"start":{"line":139,"column":16},"end":{"line":139,"column":57},"skip":true},"45":{"start":{"line":143,"column":8},"end":{"line":147,"column":11},"skip":true},"46":{"start":{"line":144,"column":12},"end":{"line":146,"column":15},"skip":true},"47":{"start":{"line":145,"column":16},"end":{"line":145,"column":70},"skip":true},"48":{"start":{"line":149,"column":8},"end":{"line":149,"column":31},"skip":true},"49":{"start":{"line":150,"column":8},"end":{"line":150,"column":14},"skip":true},"50":{"start":{"line":158,"column":8},"end":{"line":158,"column":31},"skip":true},"51":{"start":{"line":160,"column":8},"end":{"line":160,"column":33},"skip":true},"52":{"start":{"line":161,"column":8},"end":{"line":161,"column":37},"skip":true},"53":{"start":{"line":162,"column":8},"end":{"line":162,"column":35},"skip":true},"54":{"start":{"line":164,"column":8},"end":{"line":164,"column":50},"skip":true},"55":{"start":{"line":166,"column":8},"end":{"line":256,"column":2},"skip":true},"56":{"start":{"line":258,"column":8},"end":{"line":286,"column":9},"skip":true},"57":{"start":{"line":259,"column":12},"end":{"line":269,"column":14},"skip":true},"58":{"start":{"line":271,"column":12},"end":{"line":285,"column":19},"skip":true},"59":{"start":{"line":274,"column":20},"end":{"line":274,"column":35},"skip":true},"60":{"start":{"line":275,"column":20},"end":{"line":284,"column":21},"skip":true},"61":{"start":{"line":277,"column":24},"end":{"line":277,"column":64},"skip":true},"62":{"start":{"line":279,"column":24},"end":{"line":279,"column":40},"skip":true},"63":{"start":{"line":281,"column":24},"end":{"line":281,"column":40},"skip":true},"64":{"start":{"line":283,"column":24},"end":{"line":283,"column":39},"skip":true},"65":{"start":{"line":288,"column":8},"end":{"line":290,"column":9},"skip":true},"66":{"start":{"line":289,"column":12},"end":{"line":289,"column":18},"skip":true},"67":{"start":{"line":291,"column":8},"end":{"line":293,"column":54},"skip":true},"68":{"start":{"line":296,"column":8},"end":{"line":301,"column":37},"skip":true},"69":{"start":{"line":303,"column":8},"end":{"line":303,"column":82},"skip":true},"70":{"start":{"line":306,"column":8},"end":{"line":308,"column":9},"skip":true},"71":{"start":{"line":307,"column":12},"end":{"line":307,"column":82},"skip":true},"72":{"start":{"line":310,"column":8},"end":{"line":312,"column":9},"skip":true},"73":{"start":{"line":311,"column":12},"end":{"line":311,"column":18},"skip":true},"74":{"start":{"line":313,"column":8},"end":{"line":313,"column":54},"skip":true},"75":{"start":{"line":314,"column":8},"end":{"line":314,"column":69},"skip":true},"76":{"start":{"line":315,"column":8},"end":{"line":323,"column":36},"skip":true},"77":{"start":{"line":316,"column":12},"end":{"line":316,"column":61},"skip":true},"78":{"start":{"line":317,"column":12},"end":{"line":320,"column":13},"skip":true},"79":{"start":{"line":318,"column":16},"end":{"line":318,"column":75},"skip":true},"80":{"start":{"line":319,"column":16},"end":{"line":319,"column":23},"skip":true},"81":{"start":{"line":321,"column":12},"end":{"line":321,"column":38},"skip":true},"82":{"start":{"line":322,"column":12},"end":{"line":322,"column":27},"skip":true},"83":{"start":{"line":324,"column":8},"end":{"line":324,"column":14},"skip":true}},"branchMap":{"1":{"line":39,"type":"binary-expr","locations":[{"start":{"line":39,"column":23},"end":{"line":39,"column":62}},{"start":{"line":40,"column":20},"end":{"line":40,"column":70}},{"start":{"line":41,"column":20},"end":{"line":41,"column":71}},{"start":{"line":42,"column":20},"end":{"line":42,"column":29}}]},"2":{"line":44,"type":"binary-expr","locations":[{"start":{"line":44,"column":23},"end":{"line":44,"column":37}},{"start":{"line":45,"column":20},"end":{"line":45,"column":61}},{"start":{"line":46,"column":20},"end":{"line":46,"column":70}},{"start":{"line":47,"column":20},"end":{"line":47,"column":26}}]},"3":{"line":51,"type":"cond-expr","locations":[{"start":{"line":52,"column":14},"end":{"line":52,"column":20}},{"start":{"line":53,"column":14},"end":{"line":53,"column":20}}]},"4":{"line":55,"type":"binary-expr","locations":[{"start":{"line":55,"column":16},"end":{"line":55,"column":44}},{"start":{"line":55,"column":49},"end":{"line":57,"column":43}}]},"5":{"line":55,"type":"cond-expr","locations":[{"start":{"line":56,"column":14},"end":{"line":56,"column":49}},{"start":{"line":57,"column":14},"end":{"line":57,"column":43}}]},"6":{"line":61,"type":"switch","locations":[{"start":{"line":68,"column":4},"end":{"line":150,"column":14},"skip":true},{"start":{"line":156,"column":4},"end":{"line":324,"column":14},"skip":true}]},"7":{"line":70,"type":"if","locations":[{"start":{"line":70,"column":12},"end":{"line":70,"column":12},"skip":true},{"start":{"line":70,"column":12},"end":{"line":70,"column":12},"skip":true}]},"8":{"line":70,"type":"binary-expr","locations":[{"start":{"line":70,"column":16},"end":{"line":70,"column":22},"skip":true},{"start":{"line":70,"column":27},"end":{"line":70,"column":32},"skip":true},{"start":{"line":71,"column":20},"end":{"line":71,"column":39},"skip":true},{"start":{"line":72,"column":20},"end":{"line":72,"column":49},"skip":true},{"start":{"line":73,"column":20},"end":{"line":73,"column":58},"skip":true},{"start":{"line":74,"column":20},"end":{"line":74,"column":69},"skip":true}]},"9":{"line":79,"type":"switch","locations":[{"start":{"line":80,"column":20},"end":{"line":80,"column":33},"skip":true},{"start":{"line":81,"column":20},"end":{"line":83,"column":30},"skip":true},{"start":{"line":84,"column":20},"end":{"line":85,"column":49},"skip":true}]},"10":{"line":89,"type":"switch","locations":[{"start":{"line":90,"column":12},"end":{"line":103,"column":22},"skip":true},{"start":{"line":105,"column":12},"end":{"line":106,"column":22},"skip":true}]},"11":{"line":89,"type":"binary-expr","locations":[{"start":{"line":89,"column":20},"end":{"line":89,"column":25},"skip":true},{"start":{"line":89,"column":29},"end":{"line":89,"column":48},"skip":true},{"start":{"line":89,"column":52},"end":{"line":89,"column":74},"skip":true}]},"12":{"line":92,"type":"if","locations":[{"start":{"line":92,"column":16},"end":{"line":92,"column":16},"skip":true},{"start":{"line":92,"column":16},"end":{"line":92,"column":16},"skip":true}]},"13":{"line":108,"type":"if","locations":[{"start":{"line":108,"column":12},"end":{"line":108,"column":12},"skip":true},{"start":{"line":108,"column":12},"end":{"line":108,"column":12},"skip":true}]},"14":{"line":108,"type":"binary-expr","locations":[{"start":{"line":108,"column":16},"end":{"line":108,"column":61},"skip":true},{"start":{"line":108,"column":66},"end":{"line":108,"column":72},"skip":true},{"start":{"line":108,"column":77},"end":{"line":108,"column":82},"skip":true},{"start":{"line":109,"column":20},"end":{"line":109,"column":39},"skip":true},{"start":{"line":110,"column":20},"end":{"line":110,"column":49},"skip":true},{"start":{"line":111,"column":20},"end":{"line":111,"column":58},"skip":true},{"start":{"line":112,"column":20},"end":{"line":112,"column":68},"skip":true}]},"15":{"line":129,"type":"if","locations":[{"start":{"line":129,"column":16},"end":{"line":129,"column":16},"skip":true},{"start":{"line":129,"column":16},"end":{"line":129,"column":16},"skip":true}]},"16":{"line":134,"type":"cond-expr","locations":[{"start":{"line":135,"column":26},"end":{"line":135,"column":29},"skip":true},{"start":{"line":136,"column":26},"end":{"line":136,"column":54},"skip":true}]},"17":{"line":164,"type":"binary-expr","locations":[{"start":{"line":164,"column":27},"end":{"line":164,"column":43},"skip":true},{"start":{"line":164,"column":47},"end":{"line":164,"column":49},"skip":true}]},"18":{"line":258,"type":"if","locations":[{"start":{"line":258,"column":8},"end":{"line":258,"column":8},"skip":true},{"start":{"line":258,"column":8},"end":{"line":258,"column":8},"skip":true}]},"19":{"line":275,"type":"switch","locations":[{"start":{"line":276,"column":20},"end":{"line":277,"column":64},"skip":true},{"start":{"line":278,"column":20},"end":{"line":279,"column":40},"skip":true},{"start":{"line":280,"column":20},"end":{"line":281,"column":40},"skip":true},{"start":{"line":282,"column":20},"end":{"line":283,"column":39},"skip":true}]},"20":{"line":288,"type":"if","locations":[{"start":{"line":288,"column":8},"end":{"line":288,"column":8},"skip":true},{"start":{"line":288,"column":8},"end":{"line":288,"column":8},"skip":true}]},"21":{"line":288,"type":"binary-expr","locations":[{"start":{"line":288,"column":12},"end":{"line":288,"column":40},"skip":true},{"start":{"line":288,"column":44},"end":{"line":288,"column":67},"skip":true}]},"22":{"line":292,"type":"binary-expr","locations":[{"start":{"line":292,"column":12},"end":{"line":292,"column":50},"skip":true},{"start":{"line":293,"column":12},"end":{"line":293,"column":53},"skip":true}]},"23":{"line":297,"type":"binary-expr","locations":[{"start":{"line":297,"column":12},"end":{"line":297,"column":63},"skip":true},{"start":{"line":298,"column":12},"end":{"line":301,"column":36},"skip":true}]},"24":{"line":303,"type":"binary-expr","locations":[{"start":{"line":303,"column":43},"end":{"line":303,"column":75},"skip":true},{"start":{"line":303,"column":79},"end":{"line":303,"column":81},"skip":true}]},"25":{"line":306,"type":"if","locations":[{"start":{"line":306,"column":8},"end":{"line":306,"column":8},"skip":true},{"start":{"line":306,"column":8},"end":{"line":306,"column":8},"skip":true}]},"26":{"line":310,"type":"if","locations":[{"start":{"line":310,"column":8},"end":{"line":310,"column":8},"skip":true},{"start":{"line":310,"column":8},"end":{"line":310,"column":8},"skip":true}]},"27":{"line":313,"type":"binary-expr","locations":[{"start":{"line":313,"column":27},"end":{"line":313,"column":43},"skip":true},{"start":{"line":313,"column":47},"end":{"line":313,"column":53},"skip":true}]},"28":{"line":317,"type":"if","locations":[{"start":{"line":317,"column":12},"end":{"line":317,"column":12},"skip":true},{"start":{"line":317,"column":12},"end":{"line":317,"column":12},"skip":true}]}},"code":["/*","example.js","","quickstart example","","instruction","    1. save this script as example.js","    2. run the shell command:","        $ npm install npmtest-jingo && PORT=8081 node example.js","    3. play with the browser-demo on http://127.0.0.1:8081","*/","","","","/* istanbul instrument in package npmtest_jingo */","/*jslint","    bitwise: true,","    browser: true,","    maxerr: 8,","    maxlen: 96,","    node: true,","    nomen: true,","    regexp: true,","    stupid: true","*/","(function () {","    'use strict';","    var local;","","","","    // run shared js-env code - pre-init","    (function () {","        // init local","        local = {};","        // init modeJs","        local.modeJs = (function () {","            try {","                return typeof navigator.userAgent === 'string' &&","                    typeof document.querySelector('body') === 'object' &&","                    typeof XMLHttpRequest.prototype.open === 'function' &&","                    'browser';","            } catch (errorCaughtBrowser) {","                return module.exports &&","                    typeof process.versions.node === 'string' &&","                    typeof require('http').createServer === 'function' &&","                    'node';","            }","        }());","        // init global","        local.global = local.modeJs === 'browser'","            ? window","            : global;","        // init utility2_rollup","        local = local.global.utility2_rollup || (local.modeJs === 'browser'","            ? local.global.utility2_npmtest_jingo","            : global.utility2_moduleExports);","        // export local","        local.global.local = local;","    }());","    switch (local.modeJs) {","","","","    // post-init","    // run browser js-env code - post-init","    /* istanbul ignore next */","    case 'browser':","        local.testRunBrowser = function (event) {","            if (!event || (event &&","                    event.currentTarget &&","                    event.currentTarget.className &&","                    event.currentTarget.className.includes &&","                    event.currentTarget.className.includes('onreset'))) {","                // reset output","                Array.from(","                    document.querySelectorAll('body > .resettable')","                ).forEach(function (element) {","                    switch (element.tagName) {","                    case 'INPUT':","                    case 'TEXTAREA':","                        element.value = '';","                        break;","                    default:","                        element.textContent = '';","                    }","                });","            }","            switch (event && event.currentTarget && event.currentTarget.id) {","            case 'testRunButton1':","                // show tests","                if (document.querySelector('#testReportDiv1').style.display === 'none') {","                    document.querySelector('#testReportDiv1').style.display = 'block';","                    document.querySelector('#testRunButton1').textContent =","                        'hide internal test';","                    local.modeTest = true;","                    local.testRunDefault(local);","                // hide tests","                } else {","                    document.querySelector('#testReportDiv1').style.display = 'none';","                    document.querySelector('#testRunButton1').textContent = 'run internal test';","                }","                break;","            // custom-case","            default:","                break;","            }","            if (document.querySelector('#inputTextareaEval1') && (!event || (event &&","                    event.currentTarget &&","                    event.currentTarget.className &&","                    event.currentTarget.className.includes &&","                    event.currentTarget.className.includes('oneval')))) {","                // try to eval input-code","                try {","                    /*jslint evil: true*/","                    eval(document.querySelector('#inputTextareaEval1').value);","                } catch (errorCaught) {","                    console.error(errorCaught);","                }","            }","        };","        // log stderr and stdout to #outputTextareaStdout1","        ['error', 'log'].forEach(function (key) {","            console[key + '_original'] = console[key];","            console[key] = function () {","                var element;","                console[key + '_original'].apply(console, arguments);","                element = document.querySelector('#outputTextareaStdout1');","                if (!element) {","                    return;","                }","                // append text to #outputTextareaStdout1","                element.value += Array.from(arguments).map(function (arg) {","                    return typeof arg === 'string'","                        ? arg","                        : JSON.stringify(arg, null, 4);","                }).join(' ') + '\\n';","                // scroll textarea to bottom","                element.scrollTop = element.scrollHeight;","            };","        });","        // init event-handling","        ['change', 'click', 'keyup'].forEach(function (event) {","            Array.from(document.querySelectorAll('.on' + event)).forEach(function (element) {","                element.addEventListener(event, local.testRunBrowser);","            });","        });","        // run tests","        local.testRunBrowser();","        break;","","","","    // run node js-env code - post-init","    /* istanbul ignore next */","    case 'node':","        // export local","        module.exports = local;","        // require modules","        local.fs = require('fs');","        local.http = require('http');","        local.url = require('url');","        // init assets","        local.assetsDict = local.assetsDict || {};","        /* jslint-ignore-begin */","        local.assetsDict['/assets.index.template.html'] = '\\","<!doctype html>\\n\\","<html lang=\"en\">\\n\\","<head>\\n\\","<meta charset=\"UTF-8\">\\n\\","<meta name=\"viewport\" content=\"width=device-width, initial-scale=1\">\\n\\","<title>{{env.npm_package_name}} (v{{env.npm_package_version}})</title>\\n\\","<style>\\n\\","/*csslint\\n\\","    box-sizing: false,\\n\\","    universal-selector: false\\n\\","*/\\n\\","* {\\n\\","    box-sizing: border-box;\\n\\","}\\n\\","body {\\n\\","    background: #dde;\\n\\","    font-family: Arial, Helvetica, sans-serif;\\n\\","    margin: 2rem;\\n\\","}\\n\\","body > * {\\n\\","    margin-bottom: 1rem;\\n\\","}\\n\\",".utility2FooterDiv {\\n\\","    margin-top: 20px;\\n\\","    text-align: center;\\n\\","}\\n\\","</style>\\n\\","<style>\\n\\","/*csslint\\n\\","*/\\n\\","textarea {\\n\\","    font-family: monospace;\\n\\","    height: 10rem;\\n\\","    width: 100%;\\n\\","}\\n\\","textarea[readonly] {\\n\\","    background: #ddd;\\n\\","}\\n\\","</style>\\n\\","</head>\\n\\","<body>\\n\\","<!-- utility2-comment\\n\\","<div id=\"ajaxProgressDiv1\" style=\"background: #d00; height: 2px; left: 0; margin: 0; padding: 0; position: fixed; top: 0; transition: background 0.5s, width 1.5s; width: 25%;\"></div>\\n\\","utility2-comment -->\\n\\","<h1>\\n\\","<!-- utility2-comment\\n\\","    <a\\n\\","        {{#if env.npm_package_homepage}}\\n\\","        href=\"{{env.npm_package_homepage}}\"\\n\\","        {{/if env.npm_package_homepage}}\\n\\","        target=\"_blank\"\\n\\","    >\\n\\","utility2-comment -->\\n\\","        {{env.npm_package_name}} (v{{env.npm_package_version}})\\n\\","<!-- utility2-comment\\n\\","    </a>\\n\\","utility2-comment -->\\n\\","</h1>\\n\\","<h3>{{env.npm_package_description}}</h3>\\n\\","<!-- utility2-comment\\n\\","<h4><a download href=\"assets.app.js\">download standalone app</a></h4>\\n\\","<button class=\"onclick onreset\" id=\"testRunButton1\">run internal test</button><br>\\n\\","<div id=\"testReportDiv1\" style=\"display: none;\"></div>\\n\\","utility2-comment -->\\n\\","\\n\\","\\n\\","\\n\\","<label>stderr and stdout</label>\\n\\","<textarea class=\"resettable\" id=\"outputTextareaStdout1\" readonly></textarea>\\n\\","<!-- utility2-comment\\n\\","{{#if isRollup}}\\n\\","<script src=\"assets.app.js\"></script>\\n\\","{{#unless isRollup}}\\n\\","utility2-comment -->\\n\\","<script src=\"assets.utility2.rollup.js\"></script>\\n\\","<script src=\"jsonp.utility2._stateInit?callback=window.utility2._stateInit\"></script>\\n\\","<script src=\"assets.npmtest_jingo.rollup.js\"></script>\\n\\","<script src=\"assets.example.js\"></script>\\n\\","<script src=\"assets.test.js\"></script>\\n\\","<!-- utility2-comment\\n\\","{{/if isRollup}}\\n\\","utility2-comment -->\\n\\","<div class=\"utility2FooterDiv\">\\n\\","    [ this app was created with\\n\\","    <a href=\"https://github.com/kaizhu256/node-utility2\" target=\"_blank\">utility2</a>\\n\\","    ]\\n\\","</div>\\n\\","</body>\\n\\","</html>\\n\\","';","        /* jslint-ignore-end */","        if (local.templateRender) {","            local.assetsDict['/'] = local.templateRender(","                local.assetsDict['/assets.index.template.html'],","                {","                    env: local.objectSetDefault(local.env, {","                        npm_package_description: 'the greatest app in the world!',","                        npm_package_name: 'my-app',","                        npm_package_nameAlias: 'my_app',","                        npm_package_version: '0.0.1'","                    })","                }","            );","        } else {","            local.assetsDict['/'] = local.assetsDict['/assets.index.template.html']","                .replace((/\\{\\{env\\.(\\w+?)\\}\\}/g), function (match0, match1) {","                    // jslint-hack","                    String(match0);","                    switch (match1) {","                    case 'npm_package_description':","                        return 'the greatest app in the world!';","                    case 'npm_package_name':","                        return 'my-app';","                    case 'npm_package_nameAlias':","                        return 'my_app';","                    case 'npm_package_version':","                        return '0.0.1';","                    }","                });","        }","        // run the cli","        if (local.global.utility2_rollup || module !== require.main) {","            break;","        }","        local.assetsDict['/assets.example.js'] =","            local.assetsDict['/assets.example.js'] ||","            local.fs.readFileSync(__filename, 'utf8');","        // bug-workaround - long $npm_package_buildCustomOrg","        /* jslint-ignore-begin */","        local.assetsDict['/assets.npmtest_jingo.rollup.js'] =","            local.assetsDict['/assets.npmtest_jingo.rollup.js'] ||","            local.fs.readFileSync(","                local.npmtest_jingo.__dirname + '/lib.npmtest_jingo.js',","                'utf8'","            ).replace((/^#!/), '//');","        /* jslint-ignore-end */","        local.assetsDict['/favicon.ico'] = local.assetsDict['/favicon.ico'] || '';","        // if $npm_config_timeout_exit exists,","        // then exit this process after $npm_config_timeout_exit ms","        if (Number(process.env.npm_config_timeout_exit)) {","            setTimeout(process.exit, Number(process.env.npm_config_timeout_exit));","        }","        // start server","        if (local.global.utility2_serverHttp1) {","            break;","        }","        process.env.PORT = process.env.PORT || '8081';","        console.error('server starting on port ' + process.env.PORT);","        local.http.createServer(function (request, response) {","            request.urlParsed = local.url.parse(request.url);","            if (local.assetsDict[request.urlParsed.pathname] !== undefined) {","                response.end(local.assetsDict[request.urlParsed.pathname]);","                return;","            }","            response.statusCode = 404;","            response.end();","        }).listen(process.env.PORT);","        break;","    }","}());",""],"l":{"26":2,"28":2,"33":2,"35":2,"37":2,"38":2,"39":2,"44":1,"51":2,"55":2,"59":2,"61":2,"69":1,"70":2,"76":2,"79":2,"82":2,"83":2,"85":1,"89":2,"92":1,"93":1,"94":1,"96":1,"97":1,"100":1,"101":1,"103":1,"106":1,"108":2,"114":1,"116":1,"118":1,"123":1,"124":2,"125":2,"126":3,"127":3,"128":3,"129":3,"130":1,"133":3,"134":3,"139":3,"143":1,"144":3,"145":1,"149":1,"150":1,"158":1,"160":1,"161":1,"162":1,"164":1,"166":1,"258":1,"259":1,"271":1,"274":6,"275":6,"277":1,"279":2,"281":1,"283":2,"288":1,"289":1,"291":1,"296":1,"303":1,"306":1,"307":1,"310":1,"311":1,"313":1,"314":1,"315":1,"316":1,"317":1,"318":1,"319":1,"321":1,"322":1,"324":1}},"/home/travis/build/npmtest/node-npmtest-jingo/node_modules/jingo/jingo":{"path":"/home/travis/build/npmtest/node-npmtest-jingo/node_modules/jingo/jingo","s":{"1":4,"2":4,"3":4,"4":4,"5":4,"6":4,"7":4,"8":4,"9":4,"10":4,"11":4,"12":0,"13":0,"14":4,"15":0,"16":0,"17":4,"18":4,"19":4,"20":4,"21":0,"22":0,"23":0,"24":0,"25":0,"26":0,"27":0,"28":0,"29":0,"30":0,"31":0,"32":0,"33":0,"34":0,"35":0,"36":0,"37":0,"38":0,"39":1,"40":0,"41":0,"42":0,"43":0,"44":0,"45":0,"46":0,"47":0,"48":0,"49":0,"50":0,"51":0,"52":0,"53":0},"b":{"1":[0,4],"2":[0,4],"3":[4,0],"4":[4,0],"5":[0,0],"6":[0,0],"7":[0,0],"8":[0,0],"9":[0,0,0,0],"10":[0,0],"11":[0,0],"12":[0,0],"13":[0,0],"14":[0,0],"15":[0,0],"16":[0,0]},"f":{"1":0,"2":0,"3":0,"4":0,"5":0,"6":0},"fnMap":{"1":{"name":"(anonymous_1)","line":58,"loc":{"start":{"line":58,"column":19},"end":{"line":58,"column":43}}},"2":{"name":"start","line":79,"loc":{"start":{"line":79,"column":0},"end":{"line":79,"column":18}}},"3":{"name":"(anonymous_3)","line":87,"loc":{"start":{"line":87,"column":71},"end":{"line":87,"column":83}}},"4":{"name":"(anonymous_4)","line":92,"loc":{"start":{"line":92,"column":16},"end":{"line":92,"column":28}}},"5":{"name":"(anonymous_5)","line":93,"loc":{"start":{"line":93,"column":15},"end":{"line":93,"column":30}}},"6":{"name":"(anonymous_6)","line":97,"loc":{"start":{"line":97,"column":19},"end":{"line":97,"column":34}}}},"statementMap":{"1":{"start":{"line":10,"column":0},"end":{"line":10,"column":34}},"2":{"start":{"line":11,"column":0},"end":{"line":11,"column":34}},"3":{"start":{"line":12,"column":0},"end":{"line":12,"column":36}},"4":{"start":{"line":13,"column":0},"end":{"line":13,"column":26}},"5":{"start":{"line":14,"column":0},"end":{"line":14,"column":22}},"6":{"start":{"line":15,"column":0},"end":{"line":15,"column":22}},"7":{"start":{"line":16,"column":0},"end":{"line":16,"column":30}},"8":{"start":{"line":17,"column":0},"end":{"line":17,"column":30}},"9":{"start":{"line":19,"column":0},"end":{"line":19,"column":37}},"10":{"start":{"line":21,"column":0},"end":{"line":26,"column":27}},"11":{"start":{"line":28,"column":0},"end":{"line":31,"column":1}},"12":{"start":{"line":29,"column":2},"end":{"line":29,"column":30}},"13":{"start":{"line":30,"column":2},"end":{"line":30,"column":17}},"14":{"start":{"line":33,"column":0},"end":{"line":36,"column":1}},"15":{"start":{"line":34,"column":2},"end":{"line":34,"column":48}},"16":{"start":{"line":35,"column":2},"end":{"line":35,"column":17}},"17":{"start":{"line":38,"column":0},"end":{"line":41,"column":1}},"18":{"start":{"line":39,"column":2},"end":{"line":39,"column":16}},"19":{"start":{"line":40,"column":2},"end":{"line":40,"column":18}},"20":{"start":{"line":43,"column":0},"end":{"line":46,"column":1}},"21":{"start":{"line":44,"column":2},"end":{"line":44,"column":44}},"22":{"start":{"line":45,"column":2},"end":{"line":45,"column":18}},"23":{"start":{"line":48,"column":0},"end":{"line":51,"column":1}},"24":{"start":{"line":49,"column":2},"end":{"line":49,"column":44}},"25":{"start":{"line":50,"column":2},"end":{"line":50,"column":18}},"26":{"start":{"line":53,"column":0},"end":{"line":53,"column":59}},"27":{"start":{"line":55,"column":0},"end":{"line":77,"column":12}},"28":{"start":{"line":59,"column":12},"end":{"line":62,"column":13}},"29":{"start":{"line":60,"column":14},"end":{"line":60,"column":30}},"30":{"start":{"line":61,"column":14},"end":{"line":61,"column":30}},"31":{"start":{"line":64,"column":12},"end":{"line":74,"column":13}},"32":{"start":{"line":68,"column":14},"end":{"line":68,"column":101}},"33":{"start":{"line":69,"column":14},"end":{"line":69,"column":104}},"34":{"start":{"line":70,"column":14},"end":{"line":70,"column":108}},"35":{"start":{"line":71,"column":14},"end":{"line":71,"column":103}},"36":{"start":{"line":72,"column":14},"end":{"line":72,"column":91}},"37":{"start":{"line":73,"column":14},"end":{"line":73,"column":30}},"38":{"start":{"line":76,"column":12},"end":{"line":76,"column":19}},"39":{"start":{"line":79,"column":0},"end":{"line":106,"column":1}},"40":{"start":{"line":80,"column":2},"end":{"line":80,"column":51}},"41":{"start":{"line":82,"column":2},"end":{"line":82,"column":44}},"42":{"start":{"line":83,"column":2},"end":{"line":85,"column":3}},"43":{"start":{"line":84,"column":4},"end":{"line":84,"column":28}},"44":{"start":{"line":87,"column":2},"end":{"line":89,"column":4}},"45":{"start":{"line":88,"column":4},"end":{"line":88,"column":173}},"46":{"start":{"line":91,"column":2},"end":{"line":105,"column":3}},"47":{"start":{"line":92,"column":4},"end":{"line":104,"column":53}},"48":{"start":{"line":93,"column":6},"end":{"line":103,"column":8}},"49":{"start":{"line":94,"column":8},"end":{"line":102,"column":9}},"50":{"start":{"line":95,"column":10},"end":{"line":95,"column":38}},"51":{"start":{"line":97,"column":10},"end":{"line":101,"column":12}},"52":{"start":{"line":98,"column":12},"end":{"line":100,"column":13}},"53":{"start":{"line":99,"column":14},"end":{"line":99,"column":42}}},"branchMap":{"1":{"line":28,"type":"if","locations":[{"start":{"line":28,"column":0},"end":{"line":28,"column":0}},{"start":{"line":28,"column":0},"end":{"line":28,"column":0}}]},"2":{"line":33,"type":"if","locations":[{"start":{"line":33,"column":0},"end":{"line":33,"column":0}},{"start":{"line":33,"column":0},"end":{"line":33,"column":0}}]},"3":{"line":38,"type":"if","locations":[{"start":{"line":38,"column":0},"end":{"line":38,"column":0}},{"start":{"line":38,"column":0},"end":{"line":38,"column":0}}]},"4":{"line":38,"type":"binary-expr","locations":[{"start":{"line":38,"column":4},"end":{"line":38,"column":19}},{"start":{"line":38,"column":23},"end":{"line":38,"column":53}}]},"5":{"line":43,"type":"if","locations":[{"start":{"line":43,"column":0},"end":{"line":43,"column":0}},{"start":{"line":43,"column":0},"end":{"line":43,"column":0}}]},"6":{"line":48,"type":"if","locations":[{"start":{"line":48,"column":0},"end":{"line":48,"column":0}},{"start":{"line":48,"column":0},"end":{"line":48,"column":0}}]},"7":{"line":59,"type":"if","locations":[{"start":{"line":59,"column":12},"end":{"line":59,"column":12}},{"start":{"line":59,"column":12},"end":{"line":59,"column":12}}]},"8":{"line":64,"type":"if","locations":[{"start":{"line":64,"column":12},"end":{"line":64,"column":12}},{"start":{"line":64,"column":12},"end":{"line":64,"column":12}}]},"9":{"line":64,"type":"binary-expr","locations":[{"start":{"line":64,"column":16},"end":{"line":64,"column":42}},{"start":{"line":65,"column":16},"end":{"line":65,"column":55}},{"start":{"line":66,"column":16},"end":{"line":66,"column":54}},{"start":{"line":67,"column":16},"end":{"line":67,"column":53}}]},"10":{"line":82,"type":"binary-expr","locations":[{"start":{"line":82,"column":19},"end":{"line":82,"column":38}},{"start":{"line":82,"column":42},"end":{"line":82,"column":44}}]},"11":{"line":83,"type":"if","locations":[{"start":{"line":83,"column":2},"end":{"line":83,"column":2}},{"start":{"line":83,"column":2},"end":{"line":83,"column":2}}]},"12":{"line":88,"type":"cond-expr","locations":[{"start":{"line":88,"column":109},"end":{"line":88,"column":120}},{"start":{"line":88,"column":123},"end":{"line":88,"column":126}}]},"13":{"line":91,"type":"if","locations":[{"start":{"line":91,"column":2},"end":{"line":91,"column":2}},{"start":{"line":91,"column":2},"end":{"line":91,"column":2}}]},"14":{"line":91,"type":"binary-expr","locations":[{"start":{"line":91,"column":6},"end":{"line":91,"column":44}},{"start":{"line":91,"column":48},"end":{"line":91,"column":66}}]},"15":{"line":94,"type":"if","locations":[{"start":{"line":94,"column":8},"end":{"line":94,"column":8}},{"start":{"line":94,"column":8},"end":{"line":94,"column":8}}]},"16":{"line":98,"type":"if","locations":[{"start":{"line":98,"column":12},"end":{"line":98,"column":12}},{"start":{"line":98,"column":12},"end":{"line":98,"column":12}}]}},"code":["//#!/usr/bin/env node","","/*"," * Jingo, wiki engine"," * http://github.com/claudioc/jingo"," *"," * Copyright 2016 Claudio Cicali <claudio.cicali@gmail.com>"," * Released under the MIT license"," */","var program = require('commander')","var tools = require('./lib/tools')","var config = require('./lib/config')","var http = require('http')","var fs = require('fs')","var os = require('os')","var semver = require('semver')","var pkg = require('./package')","","global.Git = require('./lib/gitmech')","","program.version(pkg.version)","       .option('-c, --config <path>', 'Specify the config file')","       .option('-#, --hash-string <string>', 'Create an hash for a string')","       .option('-l, --local', 'Listen on localhost only')","       .option('-s, --sample-config', 'Dumps a config file template and exits')","       .parse(process.argv)","","if (program.sampleConfig) {","  console.log(config.sample())","  process.exit(0)","}","","if (program.hashString) {","  console.log(tools.hashify(program.hashString))","  process.exit(0)","}","","if (!program.config || !fs.existsSync(program.config)) {","  program.help()","  process.exit(-1)","}","","if (!config.load(program.config)) {","  console.log('Error: ' + config.getError())","  process.exit(-1)","}","","if (!config.validate()) {","  console.log('Error: ' + config.getError())","  process.exit(-1)","}","","var refspec = config.get('application').remote.split(/\\s+/)","","Git.setup(config.get('application').git,","          config.get('application').repository,","          config.get('application').docSubdir,","          refspec, function (err, version) {","            if (err) {","              console.log(err)","              process.exit(-1)","            }","","            if (os.platform() === 'darwin' &&","                !config.get('application').skipGitCheck &&","                config.get('pages').title.fromFilename &&","                !semver.satisfies(version, '>=1.8.5')) {","              console.log('Your current setup uses the filename of the wiki page as the page title.')","              console.log('Unfortunately this version of git (' + version + \".x) on OSX doesn't handle\")","              console.log('very well non ASCII characters used in filenames, therefore I rather not start.')","              console.log('You can continue anyway, setting `application.skipGitCheck` to true in the')","              console.log('config file but you should better upgrade your git. Thank you.')","              process.exit(-1)","            }","","            start()","          })","","function start () {","  var app = require('./lib/app').initialize(config)","","  var listenAddr = process.env.NW_ADDR || ''","  if (config.get('server').localOnly) {","    listenAddr = 'localhost'","  }","","  http.createServer(app).listen(config.get('server').port, listenAddr, function () {","    console.log((new Date()) + ' - Jingo%sserver v%s listening on port %s', config.get('server').localOnly ? ' (local) ' : ' ', program.version(), config.get('server').port)","  })","","  if (config.get('application').pushInterval && refspec.length > 0) {","    setInterval(function () {","      Git.pull(function (err) {","        if (err) {","          console.log('Error: ' + err)","        } else {","          Git.push(function (err) {","            if (err) {","              console.log('Error: ' + err)","            }","          })","        }","      })","    }, config.get('application').pushInterval * 1000)","  }","}",""],"l":{"10":4,"11":4,"12":4,"13":4,"14":4,"15":4,"16":4,"17":4,"19":4,"21":4,"28":4,"29":0,"30":0,"33":4,"34":0,"35":0,"38":4,"39":4,"40":4,"43":4,"44":0,"45":0,"48":0,"49":0,"50":0,"53":0,"55":0,"59":0,"60":0,"61":0,"64":0,"68":0,"69":0,"70":0,"71":0,"72":0,"73":0,"76":0,"79":1,"80":0,"82":0,"83":0,"84":0,"87":0,"88":0,"91":0,"92":0,"93":0,"94":0,"95":0,"97":0,"98":0,"99":0}},"/home/travis/build/npmtest/node-npmtest-jingo/node_modules/jingo/lib/tools.js":{"path":"/home/travis/build/npmtest/node-npmtest-jingo/node_modules/jingo/lib/tools.js","s":{"1":1,"2":1,"3":0,"4":0,"5":0,"6":0,"7":0,"8":0,"9":0,"10":0,"11":0,"12":0,"13":0,"14":0,"15":0,"16":0,"17":0,"18":0,"19":0,"20":1},"b":{"1":[0,0],"2":[0,0],"3":[0,0],"4":[0,0],"5":[0,0],"6":[0,0]},"f":{"1":0,"2":0,"3":0},"fnMap":{"1":{"name":"(anonymous_1)","line":5,"loc":{"start":{"line":5,"column":16},"end":{"line":5,"column":61}}},"2":{"name":"(anonymous_2)","line":19,"loc":{"start":{"line":19,"column":39},"end":{"line":19,"column":54}}},"3":{"name":"(anonymous_3)","line":34,"loc":{"start":{"line":34,"column":11},"end":{"line":34,"column":26}}}},"statementMap":{"1":{"start":{"line":1,"column":0},"end":{"line":1,"column":31}},"2":{"start":{"line":3,"column":0},"end":{"line":39,"column":1}},"3":{"start":{"line":7,"column":4},"end":{"line":9,"column":5}},"4":{"start":{"line":8,"column":6},"end":{"line":8,"column":32}},"5":{"start":{"line":11,"column":4},"end":{"line":13,"column":5}},"6":{"start":{"line":12,"column":6},"end":{"line":12,"column":18}},"7":{"start":{"line":15,"column":4},"end":{"line":17,"column":5}},"8":{"start":{"line":16,"column":6},"end":{"line":16,"column":17}},"9":{"start":{"line":19,"column":4},"end":{"line":21,"column":6}},"10":{"start":{"line":20,"column":6},"end":{"line":20,"column":23}},"11":{"start":{"line":22,"column":4},"end":{"line":22,"column":12}},"12":{"start":{"line":23,"column":4},"end":{"line":29,"column":5}},"13":{"start":{"line":24,"column":6},"end":{"line":28,"column":7}},"14":{"start":{"line":25,"column":8},"end":{"line":25,"column":75}},"15":{"start":{"line":27,"column":8},"end":{"line":27,"column":20}},"16":{"start":{"line":31,"column":4},"end":{"line":31,"column":15}},"17":{"start":{"line":35,"column":4},"end":{"line":35,"column":43}},"18":{"start":{"line":36,"column":4},"end":{"line":36,"column":22}},"19":{"start":{"line":37,"column":4},"end":{"line":37,"column":31}},"20":{"start":{"line":41,"column":0},"end":{"line":41,"column":22}}},"branchMap":{"1":{"line":7,"type":"if","locations":[{"start":{"line":7,"column":4},"end":{"line":7,"column":4}},{"start":{"line":7,"column":4},"end":{"line":7,"column":4}}]},"2":{"line":11,"type":"if","locations":[{"start":{"line":11,"column":4},"end":{"line":11,"column":4}},{"start":{"line":11,"column":4},"end":{"line":11,"column":4}}]},"3":{"line":11,"type":"binary-expr","locations":[{"start":{"line":11,"column":8},"end":{"line":11,"column":14}},{"start":{"line":11,"column":18},"end":{"line":11,"column":77}}]},"4":{"line":15,"type":"if","locations":[{"start":{"line":15,"column":4},"end":{"line":15,"column":4}},{"start":{"line":15,"column":4},"end":{"line":15,"column":4}}]},"5":{"line":15,"type":"binary-expr","locations":[{"start":{"line":15,"column":8},"end":{"line":15,"column":16}},{"start":{"line":15,"column":20},"end":{"line":15,"column":41}}]},"6":{"line":25,"type":"binary-expr","locations":[{"start":{"line":25,"column":15},"end":{"line":25,"column":19}},{"start":{"line":25,"column":23},"end":{"line":25,"column":75}}]}},"code":["var cryptoz = require('crypto')","","var tools = {","","  isAuthorized: function (email, pattern, emptyEmailMatches) {","    // Special case where the email is not returned by the backend authorization system","    if (email === 'jingouser') {","      return !!emptyEmailMatches","    }","","    if (!email || !email.match(/\\b[A-Z0-9._%+-]+@[A-Z0-9.-]+\\.[A-Z]{2,4}\\b/i)) {","      return false","    }","","    if (!pattern || pattern.trim() === '') {","      return true","    }","","    var tests = pattern.split(',').map(function (str) {","      return str.trim()","    })","    var expr","    for (var i = 0; i < tests.length; i++) {","      try {","        expr = expr || !!email.match(new RegExp('^' + tests[i] + '$', 'i'))","      } catch (e) { // Invalid regular expression","        return false","      }","    }","","    return expr","  },","","  hashify: function (str) {","    var shasum = cryptoz.createHash('sha1')","    shasum.update(str)","    return shasum.digest('hex')","  }","}","","module.exports = tools",""],"l":{"1":1,"3":1,"7":0,"8":0,"11":0,"12":0,"15":0,"16":0,"19":0,"20":0,"22":0,"23":0,"24":0,"25":0,"27":0,"31":0,"35":0,"36":0,"37":0,"41":1}},"/home/travis/build/npmtest/node-npmtest-jingo/node_modules/jingo/lib/config.js":{"path":"/home/travis/build/npmtest/node-npmtest-jingo/node_modules/jingo/lib/config.js","s":{"1":1,"2":1,"3":1,"4":1,"5":1,"6":1,"7":1,"8":4,"9":0,"10":0,"11":0,"12":0,"13":0,"14":0,"15":0,"16":0,"17":0,"18":0,"19":0,"20":0,"21":0,"22":0,"23":0,"24":0,"25":0,"26":0,"27":0,"28":0,"29":0,"30":0,"31":0,"32":0,"33":0,"34":0,"35":0,"36":0,"37":0,"38":0,"39":0,"40":0,"41":0,"42":0,"43":0,"44":0,"45":0,"46":0,"47":0,"48":0,"49":0,"50":0,"51":0,"52":0,"53":0,"54":0,"55":0,"56":0,"57":0,"58":0,"59":0,"60":0,"61":0,"62":0,"63":0,"64":0,"65":0,"66":0,"67":0,"68":0,"69":0,"70":0,"71":0,"72":0,"73":0,"74":0,"75":0,"76":0,"77":0,"78":0,"79":0,"80":0,"81":0,"82":0},"b":{"1":[0,0],"2":[0,0],"3":[0,0],"4":[0,0],"5":[0,0],"6":[1,0],"7":[0,0],"8":[0,0,0,0,0],"9":[0,0],"10":[0,0,0],"11":[0,0],"12":[0,0,0],"13":[0,0],"14":[0,0,0,0],"15":[0,0],"16":[0,0],"17":[0,0],"18":[0,0],"19":[0,0],"20":[0,0],"21":[0,0],"22":[0,0],"23":[0,0],"24":[0,0],"25":[0,0],"26":[0,0],"27":[0,0],"28":[0,0],"29":[0,0],"30":[0,0],"31":[0,0],"32":[0,0],"33":[0,0],"34":[0,0],"35":[0,0]},"f":{"1":1,"2":4,"3":0,"4":0,"5":0,"6":0,"7":0,"8":0},"fnMap":{"1":{"name":"(anonymous_1)","line":5,"loc":{"start":{"line":5,"column":18},"end":{"line":5,"column":30}}},"2":{"name":"(anonymous_2)","line":11,"loc":{"start":{"line":11,"column":10},"end":{"line":11,"column":30}}},"3":{"name":"(anonymous_3)","line":42,"loc":{"start":{"line":42,"column":14},"end":{"line":42,"column":26}}},"4":{"name":"(anonymous_4)","line":156,"loc":{"start":{"line":156,"column":14},"end":{"line":156,"column":26}}},"5":{"name":"(anonymous_5)","line":238,"loc":{"start":{"line":238,"column":9},"end":{"line":238,"column":37}}},"6":{"name":"(anonymous_6)","line":254,"loc":{"start":{"line":254,"column":18},"end":{"line":254,"column":38}}},"7":{"name":"(anonymous_7)","line":270,"loc":{"start":{"line":270,"column":11},"end":{"line":270,"column":28}}},"8":{"name":"(anonymous_8)","line":275,"loc":{"start":{"line":275,"column":12},"end":{"line":275,"column":24}}}},"statementMap":{"1":{"start":{"line":1,"column":0},"end":{"line":1,"column":22}},"2":{"start":{"line":2,"column":0},"end":{"line":2,"column":29}},"3":{"start":{"line":3,"column":0},"end":{"line":3,"column":25}},"4":{"start":{"line":5,"column":0},"end":{"line":286,"column":4}},"5":{"start":{"line":6,"column":2},"end":{"line":6,"column":12}},"6":{"start":{"line":7,"column":2},"end":{"line":7,"column":16}},"7":{"start":{"line":9,"column":2},"end":{"line":285,"column":3}},"8":{"start":{"line":12,"column":6},"end":{"line":12,"column":65}},"9":{"start":{"line":14,"column":6},"end":{"line":17,"column":7}},"10":{"start":{"line":15,"column":8},"end":{"line":15,"column":67}},"11":{"start":{"line":16,"column":8},"end":{"line":16,"column":20}},"12":{"start":{"line":20,"column":6},"end":{"line":20,"column":80}},"13":{"start":{"line":21,"column":6},"end":{"line":24,"column":7}},"14":{"start":{"line":22,"column":8},"end":{"line":22,"column":66}},"15":{"start":{"line":23,"column":8},"end":{"line":23,"column":20}},"16":{"start":{"line":27,"column":6},"end":{"line":27,"column":43}},"17":{"start":{"line":28,"column":6},"end":{"line":37,"column":7}},"18":{"start":{"line":29,"column":8},"end":{"line":31,"column":9}},"19":{"start":{"line":30,"column":10},"end":{"line":30,"column":18}},"20":{"start":{"line":32,"column":8},"end":{"line":32,"column":96}},"21":{"start":{"line":33,"column":8},"end":{"line":36,"column":9}},"22":{"start":{"line":34,"column":10},"end":{"line":34,"column":103}},"23":{"start":{"line":35,"column":10},"end":{"line":35,"column":22}},"24":{"start":{"line":39,"column":6},"end":{"line":39,"column":17}},"25":{"start":{"line":43,"column":6},"end":{"line":43,"column":18}},"26":{"start":{"line":157,"column":6},"end":{"line":157,"column":86}},"27":{"start":{"line":158,"column":6},"end":{"line":158,"column":91}},"28":{"start":{"line":160,"column":6},"end":{"line":160,"column":95}},"29":{"start":{"line":162,"column":6},"end":{"line":170,"column":7}},"30":{"start":{"line":168,"column":8},"end":{"line":168,"column":52}},"31":{"start":{"line":169,"column":8},"end":{"line":169,"column":20}},"32":{"start":{"line":172,"column":6},"end":{"line":175,"column":7}},"33":{"start":{"line":173,"column":8},"end":{"line":173,"column":106}},"34":{"start":{"line":174,"column":8},"end":{"line":174,"column":20}},"35":{"start":{"line":177,"column":6},"end":{"line":180,"column":7}},"36":{"start":{"line":178,"column":8},"end":{"line":178,"column":106}},"37":{"start":{"line":179,"column":8},"end":{"line":179,"column":20}},"38":{"start":{"line":182,"column":6},"end":{"line":185,"column":7}},"39":{"start":{"line":183,"column":8},"end":{"line":183,"column":97}},"40":{"start":{"line":184,"column":8},"end":{"line":184,"column":20}},"41":{"start":{"line":187,"column":6},"end":{"line":190,"column":7}},"42":{"start":{"line":188,"column":8},"end":{"line":188,"column":80}},"43":{"start":{"line":189,"column":8},"end":{"line":189,"column":20}},"44":{"start":{"line":192,"column":6},"end":{"line":194,"column":7}},"45":{"start":{"line":193,"column":8},"end":{"line":193,"column":105}},"46":{"start":{"line":196,"column":6},"end":{"line":196,"column":77}},"47":{"start":{"line":200,"column":6},"end":{"line":202,"column":7}},"48":{"start":{"line":201,"column":8},"end":{"line":201,"column":39}},"49":{"start":{"line":204,"column":6},"end":{"line":206,"column":7}},"50":{"start":{"line":205,"column":8},"end":{"line":205,"column":40}},"51":{"start":{"line":208,"column":6},"end":{"line":208,"column":71}},"52":{"start":{"line":210,"column":6},"end":{"line":210,"column":92}},"53":{"start":{"line":212,"column":6},"end":{"line":231,"column":7}},"54":{"start":{"line":213,"column":8},"end":{"line":213,"column":70}},"55":{"start":{"line":215,"column":8},"end":{"line":217,"column":9}},"56":{"start":{"line":216,"column":10},"end":{"line":216,"column":48}},"57":{"start":{"line":219,"column":8},"end":{"line":221,"column":9}},"58":{"start":{"line":220,"column":10},"end":{"line":220,"column":48}},"59":{"start":{"line":223,"column":8},"end":{"line":223,"column":70}},"60":{"start":{"line":227,"column":8},"end":{"line":227,"column":35}},"61":{"start":{"line":228,"column":8},"end":{"line":228,"column":47}},"62":{"start":{"line":229,"column":8},"end":{"line":229,"column":45}},"63":{"start":{"line":230,"column":8},"end":{"line":230,"column":43}},"64":{"start":{"line":233,"column":6},"end":{"line":233,"column":95}},"65":{"start":{"line":235,"column":6},"end":{"line":235,"column":17}},"66":{"start":{"line":239,"column":6},"end":{"line":241,"column":7}},"67":{"start":{"line":240,"column":8},"end":{"line":240,"column":82}},"68":{"start":{"line":243,"column":6},"end":{"line":245,"column":7}},"69":{"start":{"line":244,"column":8},"end":{"line":244,"column":33}},"70":{"start":{"line":247,"column":6},"end":{"line":249,"column":7}},"71":{"start":{"line":248,"column":8},"end":{"line":248,"column":21}},"72":{"start":{"line":251,"column":6},"end":{"line":251,"column":24}},"73":{"start":{"line":255,"column":6},"end":{"line":255,"column":77}},"74":{"start":{"line":258,"column":6},"end":{"line":260,"column":7}},"75":{"start":{"line":259,"column":8},"end":{"line":259,"column":17}},"76":{"start":{"line":262,"column":6},"end":{"line":264,"column":7}},"77":{"start":{"line":263,"column":8},"end":{"line":263,"column":25}},"78":{"start":{"line":266,"column":6},"end":{"line":266,"column":17}},"79":{"start":{"line":271,"column":6},"end":{"line":271,"column":20}},"80":{"start":{"line":276,"column":6},"end":{"line":276,"column":39}},"81":{"start":{"line":279,"column":6},"end":{"line":279,"column":38}},"82":{"start":{"line":281,"column":6},"end":{"line":283,"column":23}}},"branchMap":{"1":{"line":14,"type":"if","locations":[{"start":{"line":14,"column":6},"end":{"line":14,"column":6}},{"start":{"line":14,"column":6},"end":{"line":14,"column":6}}]},"2":{"line":14,"type":"binary-expr","locations":[{"start":{"line":14,"column":10},"end":{"line":14,"column":29}},{"start":{"line":14,"column":33},"end":{"line":14,"column":47}}]},"3":{"line":21,"type":"if","locations":[{"start":{"line":21,"column":6},"end":{"line":21,"column":6}},{"start":{"line":21,"column":6},"end":{"line":21,"column":6}}]},"4":{"line":29,"type":"if","locations":[{"start":{"line":29,"column":8},"end":{"line":29,"column":8}},{"start":{"line":29,"column":8},"end":{"line":29,"column":8}}]},"5":{"line":33,"type":"if","locations":[{"start":{"line":33,"column":8},"end":{"line":33,"column":8}},{"start":{"line":33,"column":8},"end":{"line":33,"column":8}}]},"6":{"line":110,"type":"binary-expr","locations":[{"start":{"line":110,"column":14},"end":{"line":110,"column":30}},{"start":{"line":110,"column":34},"end":{"line":110,"column":38}}]},"7":{"line":162,"type":"if","locations":[{"start":{"line":162,"column":6},"end":{"line":162,"column":6}},{"start":{"line":162,"column":6},"end":{"line":162,"column":6}}]},"8":{"line":162,"type":"binary-expr","locations":[{"start":{"line":162,"column":10},"end":{"line":162,"column":47}},{"start":{"line":163,"column":8},"end":{"line":163,"column":45}},{"start":{"line":164,"column":8},"end":{"line":164,"column":43}},{"start":{"line":165,"column":8},"end":{"line":165,"column":44}},{"start":{"line":166,"column":8},"end":{"line":166,"column":44}}]},"9":{"line":172,"type":"if","locations":[{"start":{"line":172,"column":6},"end":{"line":172,"column":6}},{"start":{"line":172,"column":6},"end":{"line":172,"column":6}}]},"10":{"line":172,"type":"binary-expr","locations":[{"start":{"line":172,"column":10},"end":{"line":172,"column":46}},{"start":{"line":172,"column":51},"end":{"line":172,"column":89}},{"start":{"line":172,"column":93},"end":{"line":172,"column":135}}]},"11":{"line":177,"type":"if","locations":[{"start":{"line":177,"column":6},"end":{"line":177,"column":6}},{"start":{"line":177,"column":6},"end":{"line":177,"column":6}}]},"12":{"line":177,"type":"binary-expr","locations":[{"start":{"line":177,"column":10},"end":{"line":177,"column":46}},{"start":{"line":177,"column":51},"end":{"line":177,"column":89}},{"start":{"line":177,"column":93},"end":{"line":177,"column":135}}]},"13":{"line":182,"type":"if","locations":[{"start":{"line":182,"column":6},"end":{"line":182,"column":6}},{"start":{"line":182,"column":6},"end":{"line":182,"column":6}}]},"14":{"line":182,"type":"binary-expr","locations":[{"start":{"line":182,"column":10},"end":{"line":182,"column":44}},{"start":{"line":182,"column":49},"end":{"line":182,"column":80}},{"start":{"line":182,"column":84},"end":{"line":182,"column":122}},{"start":{"line":182,"column":126},"end":{"line":182,"column":166}}]},"15":{"line":187,"type":"if","locations":[{"start":{"line":187,"column":6},"end":{"line":187,"column":6}},{"start":{"line":187,"column":6},"end":{"line":187,"column":6}}]},"16":{"line":187,"type":"binary-expr","locations":[{"start":{"line":187,"column":10},"end":{"line":187,"column":45}},{"start":{"line":187,"column":49},"end":{"line":187,"column":84}}]},"17":{"line":192,"type":"if","locations":[{"start":{"line":192,"column":6},"end":{"line":192,"column":6}},{"start":{"line":192,"column":6},"end":{"line":192,"column":6}}]},"18":{"line":200,"type":"if","locations":[{"start":{"line":200,"column":6},"end":{"line":200,"column":6}},{"start":{"line":200,"column":6},"end":{"line":200,"column":6}}]},"19":{"line":200,"type":"binary-expr","locations":[{"start":{"line":200,"column":10},"end":{"line":200,"column":35}},{"start":{"line":200,"column":39},"end":{"line":200,"column":66}}]},"20":{"line":204,"type":"if","locations":[{"start":{"line":204,"column":6},"end":{"line":204,"column":6}},{"start":{"line":204,"column":6},"end":{"line":204,"column":6}}]},"21":{"line":204,"type":"binary-expr","locations":[{"start":{"line":204,"column":10},"end":{"line":204,"column":34}},{"start":{"line":204,"column":38},"end":{"line":204,"column":64}}]},"22":{"line":212,"type":"if","locations":[{"start":{"line":212,"column":6},"end":{"line":212,"column":6}},{"start":{"line":212,"column":6},"end":{"line":212,"column":6}}]},"23":{"line":215,"type":"if","locations":[{"start":{"line":215,"column":8},"end":{"line":215,"column":8}},{"start":{"line":215,"column":8},"end":{"line":215,"column":8}}]},"24":{"line":215,"type":"binary-expr","locations":[{"start":{"line":215,"column":12},"end":{"line":215,"column":44}},{"start":{"line":215,"column":48},"end":{"line":215,"column":79}}]},"25":{"line":219,"type":"if","locations":[{"start":{"line":219,"column":8},"end":{"line":219,"column":8}},{"start":{"line":219,"column":8},"end":{"line":219,"column":8}}]},"26":{"line":219,"type":"binary-expr","locations":[{"start":{"line":219,"column":12},"end":{"line":219,"column":43}},{"start":{"line":219,"column":47},"end":{"line":219,"column":77}}]},"27":{"line":239,"type":"if","locations":[{"start":{"line":239,"column":6},"end":{"line":239,"column":6}},{"start":{"line":239,"column":6},"end":{"line":239,"column":6}}]},"28":{"line":239,"type":"binary-expr","locations":[{"start":{"line":239,"column":10},"end":{"line":239,"column":17}},{"start":{"line":239,"column":21},"end":{"line":239,"column":33}}]},"29":{"line":243,"type":"if","locations":[{"start":{"line":243,"column":6},"end":{"line":243,"column":6}},{"start":{"line":243,"column":6},"end":{"line":243,"column":6}}]},"30":{"line":243,"type":"binary-expr","locations":[{"start":{"line":243,"column":10},"end":{"line":243,"column":17}},{"start":{"line":243,"column":21},"end":{"line":243,"column":32}}]},"31":{"line":247,"type":"if","locations":[{"start":{"line":247,"column":6},"end":{"line":247,"column":6}},{"start":{"line":247,"column":6},"end":{"line":247,"column":6}}]},"32":{"line":255,"type":"binary-expr","locations":[{"start":{"line":255,"column":18},"end":{"line":255,"column":26}},{"start":{"line":255,"column":30},"end":{"line":255,"column":69}}]},"33":{"line":258,"type":"if","locations
[...]
iki.js","s":{"1":2,"2":2,"3":2,"4":2,"5":0,"6":0,"7":0,"8":0,"9":0,"10":0,"11":0,"12":0,"13":0,"14":0,"15":1,"16":0,"17":0,"18":0,"19":0,"20":0,"21":0,"22":0,"23":0,"24":1,"25":0,"26":0,"27":0,"28":0,"29":0,"30":0,"31":0,"32":0,"33":0,"34":0,"35":1,"36":0,"37":0,"38":0,"39":0,"40":0,"41":0,"42":0,"43":0,"44":0,"45":0,"46":0,"47":0,"48":0,"49":0,"50":0,"51":0,"52":0,"53":0,"54":0,"55":0,"56":1,"57":0,"58":0,"59":0,"60":0,"61":0,"62":0,"63":0,"64":0,"65":0,"66":0,"67":0,"68":0,"69":0,"70":0,"71":0,"72":0,"73":0,"74":1,"75":0,"76":0,"77":0,"78":0,"79":0,"80":0,"81":0,"82":0,"83":0,"84":0,"85":0,"86":1,"87":0,"88":0,"89":0,"90":0,"91":0,"92":0,"93":0,"94":0,"95":0,"96":0,"97":1,"98":0,"99":0,"100":0,"101":0,"102":0,"103":0,"104":1,"105":0,"106":0},"b":{"1":[0,0],"2":[0,0],"3":[0,0],"4":[0,0],"5":[0,0],"6":[0,0],"7":[0,0],"8":[0,0],"9":[0,0],"10":[0,0],"11":[0,0],"12":[0,0,0,0],"13":[0,0,0,0],"14":[0,0],"15":[0,0],"16":[0,0]},"f":{"1":0,"2":0,"3":0,"4":0,"5":0,"6":0,"7":0,"8":0,"9":0,"10":0,"11":0,"12":0,"13":0,"14":0,"15":0,"16":0,"17":0,"18":0},"fnMap":{"1":{"name":"_getHistory","line":21,"loc":{"start":{"line":21,"column":0},"end":{"line":21,"column":32}}},"2":{"name":"(anonymous_2)","line":24,"loc":{"start":{"line":24,"column":20},"end":{"line":24,"column":32}}},"3":{"name":"(anonymous_3)","line":26,"loc":{"start":{"line":26,"column":10},"end":{"line":26,"column":29}}},"4":{"name":"_getWiki","line":42,"loc":{"start":{"line":42,"column":0},"end":{"line":42,"column":29}}},"5":{"name":"(anonymous_5)","line":48,"loc":{"start":{"line":48,"column":26},"end":{"line":48,"column":38}}},"6":{"name":"(anonymous_6)","line":49,"loc":{"start":{"line":49,"column":25},"end":{"line":49,"column":41}}},"7":{"name":"(anonymous_7)","line":61,"loc":{"start":{"line":61,"column":66},"end":{"line":61,"column":82}}},"8":{"name":"(anonymous_8)","line":66,"loc":{"start":{"line":66,"column":11},"end":{"line":66,"column":25}}},"9":{"name":"_getWikiPage","line":71,"loc":{"start":{"line":71,"column":0},"end":{"line":71,"column":33}}},"10":{"name":"(anonymous_10)","line":74,"loc":{"start":{"line":74,"column":20},"end":{"line":74,"column":32}}},"11":{"name":"_getCompare","line":115,"loc":{"start":{"line":115,"column":0},"end":{"line":115,"column":32}}},"12":{"name":"(anonymous_12)","line":120,"loc":{"start":{"line":120,"column":20},"end":{"line":120,"column":32}}},"13":{"name":"(anonymous_13)","line":122,"loc":{"start":{"line":122,"column":10},"end":{"line":122,"column":26}}},"14":{"name":"(anonymous_14)","line":125,"loc":{"start":{"line":125,"column":40},"end":{"line":125,"column":56}}},"15":{"name":"leftDiffLineNumber","line":154,"loc":{"start":{"line":154,"column":2},"end":{"line":154,"column":41}}},"16":{"name":"rightDiffLineNumber","line":176,"loc":{"start":{"line":176,"column":2},"end":{"line":176,"column":42}}},"17":{"name":"lineClass","line":197,"loc":{"start":{"line":197,"column":2},"end":{"line":197,"column":28}}},"18":{"name":"_getIndex","line":210,"loc":{"start":{"line":210,"column":0},"end":{"line":210,"column":30}}}},"statementMap":{"1":{"start":{"line":3,"column":0},"end":{"line":3,"column":40}},"2":{"start":{"line":4,"column":0},"end":{"line":4,"column":41}},"3":{"start":{"line":5,"column":0},"end":{"line":5,"column":37}},"4":{"start":{"line":6,"column":0},"end":{"line":6,"column":48}},"5":{"start":{"line":7,"column":0},"end":{"line":7,"column":45}},"6":{"start":{"line":9,"column":0},"end":{"line":9,"column":48}},"7":{"start":{"line":11,"column":0},"end":{"line":11,"column":15}},"8":{"start":{"line":13,"column":0},"end":{"line":13,"column":26}},"9":{"start":{"line":14,"column":0},"end":{"line":14,"column":29}},"10":{"start":{"line":15,"column":0},"end":{"line":15,"column":42}},"11":{"start":{"line":16,"column":0},"end":{"line":16,"column":52}},"12":{"start":{"line":17,"column":0},"end":{"line":17,"column":46}},"13":{"start":{"line":18,"column":0},"end":{"line":18,"column":48}},"14":{"start":{"line":19,"column":0},"end":{"line":19,"column":57}},"15":{"start":{"line":21,"column":0},"end":{"line":40,"column":1}},"16":{"start":{"line":22,"column":2},"end":{"line":22,"column":45}},"17":{"start":{"line":24,"column":2},"end":{"line":39,"column":4}},"18":{"start":{"line":25,"column":4},"end":{"line":25,"column":30}},"19":{"start":{"line":28,"column":4},"end":{"line":38,"column":5}},"20":{"start":{"line":29,"column":6},"end":{"line":33,"column":8}},"21":{"start":{"line":35,"column":6},"end":{"line":35,"column":42}},"22":{"start":{"line":36,"column":6},"end":{"line":36,"column":26}},"23":{"start":{"line":37,"column":6},"end":{"line":37,"column":28}},"24":{"start":{"line":42,"column":0},"end":{"line":69,"column":1}},"25":{"start":{"line":43,"column":2},"end":{"line":43,"column":16}},"26":{"start":{"line":44,"column":2},"end":{"line":44,"column":32}},"27":{"start":{"line":46,"column":2},"end":{"line":46,"column":32}},"28":{"start":{"line":48,"column":2},"end":{"line":68,"column":4}},"29":{"start":{"line":49,"column":4},"end":{"line":56,"column":6}},"30":{"start":{"line":50,"column":6},"end":{"line":55,"column":7}},"31":{"start":{"line":51,"column":8},"end":{"line":54,"column":10}},"32":{"start":{"line":58,"column":4},"end":{"line":65,"column":6}},"33":{"start":{"line":62,"column":8},"end":{"line":62,"column":20}},"34":{"start":{"line":67,"column":4},"end":{"line":67,"column":19}},"35":{"start":{"line":71,"column":0},"end":{"line":113,"column":1}},"36":{"start":{"line":72,"column":2},"end":{"line":72,"column":65}},"37":{"start":{"line":74,"column":2},"end":{"line":112,"column":4}},"38":{"start":{"line":75,"column":4},"end":{"line":111,"column":5}},"39":{"start":{"line":76,"column":6},"end":{"line":76,"column":31}},"40":{"start":{"line":77,"column":6},"end":{"line":80,"column":7}},"41":{"start":{"line":78,"column":8},"end":{"line":78,"column":143}},"42":{"start":{"line":79,"column":8},"end":{"line":79,"column":34}},"43":{"start":{"line":82,"column":6},"end":{"line":82,"column":44}},"44":{"start":{"line":83,"column":6},"end":{"line":83,"column":31}},"45":{"start":{"line":85,"column":6},"end":{"line":89,"column":8}},"46":{"start":{"line":91,"column":6},"end":{"line":110,"column":7}},"47":{"start":{"line":94,"column":8},"end":{"line":96,"column":9}},"48":{"start":{"line":95,"column":10},"end":{"line":95,"column":81}},"49":{"start":{"line":97,"column":8},"end":{"line":97,"column":40}},"50":{"start":{"line":100,"column":8},"end":{"line":109,"column":9}},"51":{"start":{"line":101,"column":10},"end":{"line":103,"column":12}},"52":{"start":{"line":105,"column":10},"end":{"line":105,"column":46}},"53":{"start":{"line":106,"column":10},"end":{"line":106,"column":30}},"54":{"start":{"line":107,"column":10},"end":{"line":107,"column":32}},"55":{"start":{"line":108,"column":10},"end":{"line":108,"column":16}},"56":{"start":{"line":115,"column":0},"end":{"line":208,"column":1}},"57":{"start":{"line":116,"column":2},"end":{"line":116,"column":38}},"58":{"start":{"line":118,"column":2},"end":{"line":118,"column":45}},"59":{"start":{"line":120,"column":2},"end":{"line":149,"column":4}},"60":{"start":{"line":121,"column":4},"end":{"line":121,"column":45}},"61":{"start":{"line":123,"column":4},"end":{"line":148,"column":5}},"62":{"start":{"line":124,"column":6},"end":{"line":124,"column":20}},"63":{"start":{"line":125,"column":6},"end":{"line":134,"column":8}},"64":{"start":{"line":126,"column":8},"end":{"line":133,"column":9}},"65":{"start":{"line":127,"column":10},"end":{"line":132,"column":12}},"66":{"start":{"line":136,"column":6},"end":{"line":136,"column":38}},"67":{"start":{"line":137,"column":6},"end":{"line":142,"column":8}},"68":{"start":{"line":144,"column":6},"end":{"line":144,"column":42}},"69":{"start":{"line":145,"column":6},"end":{"line":145,"column":26}},"70":{"start":{"line":146,"column":6},"end":{"line":146,"column":28}},"71":{"start":{"line":147,"column":6},"end":{"line":147,"column":12}},"72":{"start":{"line":151,"column":2},"end":{"line":151,"column":14}},"73":{"start":{"line":152,"column":2},"end":{"line":152,"column":10}},"74":{"start":{"line":154,"column":2},"end":{"line":173,"column":3}},"75":{"start":{"line":155,"column":4},"end":{"line":155,"column":10}},"76":{"start":{"line":157,"column":4},"end":{"line":172,"column":5}},"77":{"start":{"line":159,"column":8},"end":{"line":159,"column":37}},"78":{"start":{"line":160,"column":8},"end":{"line":160,"column":31}},"79":{"start":{"line":161,"column":8},"end":{"line":161,"column":19}},"80":{"start":{"line":162,"column":8},"end":{"line":162,"column":20}},"81":{"start":{"line":165,"column":8},"end":{"line":165,"column":17}},"82":{"start":{"line":169,"column":8},"end":{"line":169,"column":14}},"83":{"start":{"line":170,"column":8},"end":{"line":170,"column":23}},"84":{"start":{"line":171,"column":8},"end":{"line":171,"column":19}},"85":{"start":{"line":175,"column":2},"end":{"line":175,"column":14}},"86":{"start":{"line":176,"column":2},"end":{"line":195,"column":3}},"87":{"start":{"line":177,"column":4},"end":{"line":177,"column":10}},"88":{"start":{"line":179,"column":4},"end":{"line":194,"column":5}},"89":{"start":{"line":181,"column":8},"end":{"line":181,"column":37}},"90":{"start":{"line":182,"column":8},"end":{"line":182,"column":31}},"91":{"start":{"line":183,"column":8},"end":{"line":183,"column":19}},"92":{"start":{"line":184,"column":8},"end":{"line":184,"column":20}},"93":{"start":{"line":187,"column":8},"end":{"line":187,"column":18}},"94":{"start":{"line":191,"column":8},"end":{"line":191,"column":17}},"95":{"start":{"line":192,"column":8},"end":{"line":192,"column":23}},"96":{"start":{"line":193,"column":8},"end":{"line":193,"column":19}},"97":{"start":{"line":197,"column":2},"end":{"line":207,"column":3}},"98":{"start":{"line":198,"column":4},"end":{"line":200,"column":5}},"99":{"start":{"line":199,"column":6},"end":{"line":199,"column":17}},"100":{"start":{"line":201,"column":4},"end":{"line":203,"column":5}},"101":{"start":{"line":202,"column":6},"end":{"line":202,"column":17}},"102":{"start":{"line":204,"column":4},"end":{"line":206,"column":5}},"103":{"start":{"line":205,"column":6},"end":{"line":205,"column":17}},"104":{"start":{"line":210,"column":0},"end":{"line":212,"column":1}},"105":{"start":{"line":211,"column":2},"end":{"line":211,"column":75}},"106":{"start":{"line":214,"column":0},"end":{"line":214,"column":23}}},"branchMap":{"1":{"line":28,"type":"if","locations":[{"start":{"line":28,"column":4},"end":{"line":28,"column":4}},{"start":{"line":28,"column":4},"end":{"line":28,"column":4}}]},"2":{"line":50,"type":"if","locations":[{"start":{"line":50,"column":6},"end":{"line":50,"column":6}},{"start":{"line":50,"column":6},"end":{"line":50,"column":6}}]},"3":{"line":53,"type":"cond-expr","locations":[{"start":{"line":53,"column":45},"end":{"line":53,"column":67}},{"start":{"line":53,"column":70},"end":{"line":53,"column":72}}]},"4":{"line":75,"type":"if","locations":[{"start":{"line":75,"column":4},"end":{"line":75,"column":4}},{"start":{"line":75,"column":4},"end":{"line":75,"column":4}}]},"5":{"line":77,"type":"if","locations":[{"start":{"line":77,"column":6},"end":{"line":77,"column":6}},{"start":{"line":77,"column":6},"end":{"line":77,"column":6}}]},"6":{"line":77,"type":"binary-expr","locations":[{"start":{"line":77,"column":10},"end":{"line":77,"column":34}},{"start":{"line":77,"column":38},"end":{"line":77,"column":70}}]},"7":{"line":91,"type":"if","locations":[{"start":{"line":91,"column":6},"end":{"line":91,"column":6}},{"start":{"line":91,"column":6},"end":{"line":91,"column":6}}]},"8":{"line":94,"type":"if","locations":[{"start":{"line":94,"column":8},"end":{"line":94,"column":8}},{"start":{"line":94,"column":8},"end":{"line":94,"column":8}}]},"9":{"line":100,"type":"if","locations":[{"start":{"line":100,"column":8},"end":{"line":100,"column":8}},{"start":{"line":100,"column":8},"end":{"line":100,"column":8}}]},"10":{"line":123,"type":"if","locations":[{"start":{"line":123,"column":4},"end":{"line":123,"column":4}},{"start":{"line":123,"column":4},"end":{"line":123,"column":4}}]},"11":{"line":126,"type":"if","locations":[{"start":{"line":126,"column":8},"end":{"line":126,"column":8}},{"start":{"line":126,"column":8},"end":{"line":126,"column":8}}]},"12":{"line":157,"type":"switch","locations":[{"start":{"line":158,"column":6},"end":{"line":162,"column":20}},{"start":{"line":164,"column":6},"end":{"line":165,"column":17}},{"start":{"line":167,"column":6},"end":{"line":167,"column":36}},{"start":{"line":168,"column":6},"end":{"line":171,"column":19}}]},"13":{"line":179,"type":"switch","locations":[{"start":{"line":180,"column":6},"end":{"line":184,"column":20}},{"start":{"line":186,"column":6},"end":{"line":187,"column":18}},{"start":{"line":189,"column":6},"end":{"line":189,"column":36}},{"start":{"line":190,"column":6},"end":{"line":193,"column":19}}]},"14":{"line":198,"type":"if","locations":[{"start":{"line":198,"column":4},"end":{"line":198,"column":4}},{"start":{"line":198,"column":4},"end":{"line":198,"column":4}}]},"15":{"line":201,"type":"if","locations":[{"start":{"line":201,"column":4},"end":{"line":201,"column":4}},{"start":{"line":201,"column":4},"end":{"line":201,"column":4}}]},"16":{"line":204,"type":"if","locations":[{"start":{"line":204,"column":4},"end":{"line":204,"column":4}},{"start":{"line":204,"column":4},"end":{"line":204,"column":4}}]}},"code":["/* global Git */","","var router = require('express').Router()","var renderer = require('../lib/renderer')","var models = require('../lib/models')","var corsEnabler = require('../lib/cors-enabler')","var app = require('../lib/app').getInstance()","","var proxyPath = app.locals.config.getProxyPath()","","models.use(Git)","","router.get('/', _getIndex)","router.get('/wiki', _getWiki)","router.options('/wiki/:page', corsEnabler)","router.get('/wiki/:page', corsEnabler, _getWikiPage)","router.get('/wiki/:page/history', _getHistory)","router.get('/wiki/:page/:version', _getWikiPage)","router.get('/wiki/:page/compare/:revisions', _getCompare)","","function _getHistory (req, res) {","  var page = new models.Page(req.params.page)","","  page.fetch().then(function () {","    return page.fetchHistory()","  }).then(function (history) {","    // FIXME better manage an error here","    if (!page.error) {","      res.render('history', {","        items: history,","        title: 'History of ' + page.name,","        page: page","      })","    } else {","      res.locals.title = '404 - Not found'","      res.statusCode = 404","      res.render('404.jade')","    }","  })","}","","function _getWiki (req, res) {","  var items = []","  var pagen = 0 | req.query.page","","  var pages = new models.Pages()","","  pages.fetch(pagen).then(function () {","    pages.models.forEach(function (page) {","      if (!page.error) {","        items.push({","          page: page,","          hashes: page.hashes.length === 2 ? page.hashes.join('..') : ''","        })","      }","    })","","    res.render('list', {","      items: items,","      title: 'All the pages',","      pageNumbers: Array.apply(null, Array(pages.totalPages)).map(function (x, i) {","        return i + 1","      }),","      pageCurrent: pages.currentPage","    })","  }).catch(function (ex) {","    console.log(ex)","  })","}","","function _getWikiPage (req, res) {","  var page = new models.Page(req.params.page, req.params.version)","","  page.fetch().then(function () {","    if (!page.error) {","      res.locals.canEdit = true","      if (page.revision !== 'HEAD' && page.revision !== page.hashes[0]) {","        res.locals.warning = \"You're not reading the latest revision of this page, which is \" + \"<a href='\" + page.urlForShow() + \"'>here</a>.\"","        res.locals.canEdit = false","      }","","      res.locals.notice = req.session.notice","      delete req.session.notice","","      res.render('show', {","        page: page,","        title: app.locals.config.get('application').title + ' – ' + page.title,","        content: renderer.render('# ' + page.title + '\\n' + page.content)","      })","    } else {","      if (req.user) {","        // Try sorting out redirect loops with case insentive fs","        // Path 'xxxxx.md' exists on disk, but not in 'HEAD'.","        if (/but not in 'HEAD'/.test(page.error)) {","          page.setNames(page.name.slice(0, 1).toUpperCase() + page.name.slice(1))","        }","        res.redirect(page.urlFor('new'))","      } else {","        // Special case for the index page, anonymous user and an empty docbase","        if (page.isIndex()) {","          res.render('welcome', {","            title: 'Welcome to ' + app.locals.config.get('application').title","          })","        } else {","          res.locals.title = '404 - Not found'","          res.statusCode = 404","          res.render('404.jade')","          return","        }","      }","    }","  })","}","","function _getCompare (req, res) {","  var revisions = req.params.revisions","","  var page = new models.Page(req.params.page)","","  page.fetch().then(function () {","    return page.fetchRevisionsDiff(revisions)","  }).then(function (diff) {","    if (!page.error) {","      var lines = []","      diff.split('\\n').slice(4).forEach(function (line) {","        if (line.slice(0, 1) !== '\\\\') {","          lines.push({","            text: line,","            ldln: leftDiffLineNumber(0, line),","            rdln: rightDiffLineNumber(0, line),","            className: lineClass(line)","          })","        }","      })","","      var revs = revisions.split('..')","      res.render('compare', {","        page: page,","        lines: lines,","        title: 'Revisions compare',","        revs: revs","      })","    } else {","      res.locals.title = '404 - Not found'","      res.statusCode = 404","      res.render('404.jade')","      return","    }","  })","","  var ldln = 0","  var cdln","","  function leftDiffLineNumber (id, line) {","    var li","","    switch (true) {","      case line.slice(0, 2) === '@@':","        li = line.match(/\\-(\\d+)/)[1]","        ldln = parseInt(li, 10)","        cdln = ldln","        return '...'","","      case line.slice(0, 1) === '+':","        return ''","","      case line.slice(0, 1) === '-':","      default:","        ldln++","        cdln = ldln - 1","        return cdln","    }","  }","","  var rdln = 0","  function rightDiffLineNumber (id, line) {","    var ri","","    switch (true) {","      case line.slice(0, 2) === '@@':","        ri = line.match(/\\+(\\d+)/)[1]","        rdln = parseInt(ri, 10)","        cdln = rdln","        return '...'","","      case line.slice(0, 1) === '-':","        return ' '","","      case line.slice(0, 1) === '+':","      default:","        rdln += 1","        cdln = rdln - 1","        return cdln","    }","  }","","  function lineClass (line) {","    if (line.slice(0, 2) === '@@') {","      return 'gc'","    }","    if (line.slice(0, 1) === '-') {","      return 'gd'","    }","    if (line.slice(0, 1) === '+') {","      return 'gi'","    }","  }","}","","function _getIndex (req, res) {","  res.redirect(proxyPath + '/wiki/' + app.locals.config.get('pages').index)","}","","module.exports = router",""],"l":{"3":2,"4":2,"5":2,"6":2,"7":0,"9":0,"11":0,"13":0,"14":0,"15":0,"16":0,"17":0,"18":0,"19":0,"21":1,"22":0,"24":0,"25":0,"28":0,"29":0,"35":0,"36":0,"37":0,"42":1,"43":0,"44":0,"46":0,"48":0,"49":0,"50":0,"51":0,"58":0,"62":0,"67":0,"71":1,"72":0,"74":0,"75":0,"76":0,"77":0,"78":0,"79":0,"82":0,"83":0,"85":0,"91":0,"94":0,"95":0,"97":0,"100":0,"101":0,"105":0,"106":0,"107":0,"108":0,"115":1,"116":0,"118":0,"120":0,"121":0,"123":0,"124":0,"125":0,"126":0,"127":0,"136":0,"137":0,"144":0,"145":0,"146":0,"147":0,"151":0,"152":0,"154":1,"155":0,"157":0,"159":0,"160":0,"161":0,"162":0,"165":0,"169":0,"170":0,"171":0,"175":0,"176":1,"177":0,"179":0,"181":0,"182":0,"183":0,"184":0,"187":0,"191":0,"192":0,"193":0,"197":1,"198":0,"199":0,"201":0,"202":0,"204":0,"205":0,"210":1,"211":0,"214":0}}}